#
# There is insufficient memory for the Java Runtime Environment to continue.
# Native memory allocation (mmap) failed to map 1073741824 bytes for committing reserved memory.
# Possible reasons:
#   The system is out of physical RAM or swap space
#   The process is running with CompressedOops enabled, and the Java Heap may be blocking the growth of the native heap
# Possible solutions:
#   Reduce memory load on the system
#   Increase physical memory or swap space
#   Check if swap backing store is full
#   Decrease Java heap size (-Xmx/-Xms)
#   Decrease number of Java threads
#   Decrease Java thread stack sizes (-Xss)
#   Set larger code cache with -XX:ReservedCodeCacheSize=
# This output file may be truncated or incomplete.
#
#  Out of Memory Error (os_linux.cpp:2843), pid=22012, tid=22081
#
# JRE version:  (11.0.6+10) (build )
# Java VM: OpenJDK 64-Bit Server VM (11.0.6+10, mixed mode, sharing, tiered, compressed oops, g1 gc, linux-amd64)
# Core dump will be written. Default location: Core dumps may be processed with "/usr/share/apport/apport %p %s %c %d %P" (or dumping to /home/liftit/code/sc/scalademos/core.22012)
#

---------------  S U M M A R Y ------------

Command Line: -Dfile.encoding=UTF-8 -Xms1024m -Xmx1024m -Xss4M -XX:ReservedCodeCacheSize=128m -Dscala.ext.dirs= /home/liftit/.sdkman/candidates/sbt/1.3.7/bin/sbt-launch.jar

Host: Intel(R) Core(TM) i7-8550U CPU @ 1.80GHz, 8 cores, 7G, Ubuntu 18.04.3 LTS
Time: Tue Jan 28 14:10:24 2020 -05 elapsed time: 0 seconds (0d 0h 0m 0s)

---------------  T H R E A D  ---------------

Current thread (0x00007f9dc4014800):  JavaThread "Unknown thread" [_thread_in_vm, id=22081, stack(0x00007f9dcb917000,0x00007f9dcbd18000)]

Stack: [0x00007f9dcb917000,0x00007f9dcbd18000],  sp=0x00007f9dcbd161e0,  free space=4092k
Native frames: (J=compiled Java code, A=aot compiled Java code, j=interpreted, Vv=VM code, C=native code)
V  [libjvm.so+0xe31a38]  VMError::report_and_die(int, char const*, char const*, __va_list_tag*, Thread*, unsigned char*, void*, void*, char const*, int, unsigned long)+0x348
V  [libjvm.so+0xe326fb]  VMError::report_and_die(Thread*, char const*, int, unsigned long, VMErrorType, char const*, __va_list_tag*)+0x2b
V  [libjvm.so+0x68ddb5]  report_vm_out_of_memory(char const*, int, unsigned long, VMErrorType, char const*, ...)+0xd5
V  [libjvm.so+0xc0a438]  os::pd_commit_memory_or_exit(char*, unsigned long, unsigned long, bool, char const*)+0x108
V  [libjvm.so+0xc0206d]  os::commit_memory_or_exit(char*, unsigned long, unsigned long, bool, char const*)+0x1d
V  [libjvm.so+0x7ab86c]  G1PageBasedVirtualSpace::commit_preferred_pages(unsigned long, unsigned long)+0x6c
V  [libjvm.so+0x7abb0e]  G1PageBasedVirtualSpace::commit(unsigned long, unsigned long)+0x5e
V  [libjvm.so+0x7b7b80]  G1RegionsLargerThanCommitSizeMapper::commit_regions(unsigned int, unsigned long, WorkGang*)+0x40
V  [libjvm.so+0x833b19]  HeapRegionManager::commit_regions(unsigned int, unsigned long, WorkGang*)+0x89
V  [libjvm.so+0x834772]  HeapRegionManager::make_regions_available(unsigned int, unsigned int, WorkGang*)+0x42
V  [libjvm.so+0x834bd9]  HeapRegionManager::expand_at(unsigned int, unsigned int, WorkGang*) [clone .part.22]+0x119
V  [libjvm.so+0x76992f]  G1CollectedHeap::expand(unsigned long, WorkGang*, double*)+0xdf
V  [libjvm.so+0x76a01d]  G1CollectedHeap::initialize()+0x66d
V  [libjvm.so+0xdec401]  Universe::initialize_heap()+0x41
V  [libjvm.so+0xdec6c6]  universe_init()+0x46
V  [libjvm.so+0x854e27]  init_globals()+0x57
V  [libjvm.so+0xdc4437]  Threads::create_vm(JavaVMInitArgs*, bool*)+0x357
V  [libjvm.so+0x911902]  JNI_CreateJavaVM+0x52
C  [libjli.so+0x4ac6]  JavaMain+0x86


---------------  P R O C E S S  ---------------

Threads class SMR info:
_java_thread_list=0x00000000019aeb60, length=0, elements={
}

Java Threads: ( => current thread )

Other Threads:
  0x00007f9dc403e800 GCTaskThread "GC Thread#0" [stack: 0x00007f9dca568000,0x00007f9dca668000] [id=22082]
  0x00007f9dc405a800 ConcurrentGCThread "G1 Main Marker" [stack: 0x00007f9dc865e000,0x00007f9dc875e000] [id=22083]
  0x00007f9dc405c800 ConcurrentGCThread "G1 Conc#0" [stack: 0x00007f9dc855c000,0x00007f9dc865c000] [id=22084]

[error occurred during error reporting (printing all threads), id 0xb, SIGSEGV (0xb) at pc=0x00007f9dcc838b70]

VM state:not at safepoint (not fully initialized)

VM Mutex/Monitor currently owned by a thread:  ([mutex/lock_event])
[0x00007f9dc4011150] Heap_lock - owner thread: 0x00007f9dc4014800

Heap address: 0x00000000c0000000, size: 1024 MB, Compressed Oops mode: Non-zero based: 0x00000000c0000000
Narrow klass base: 0x0000000000000000, Narrow klass shift: 0

GC Heap History (0 events):
No events

Deoptimization events (0 events):
No events

Classes redefined (0 events):
No events

Internal exceptions (0 events):
No events

Events (3 events):
Event: 0.001 Protecting memory [0x00007f9dcb917000,0x00007f9dcb91b000] with protection modes 0
Event: 0.001 Loaded shared library /home/liftit/.sdkman/candidates/java/11.0.6.hs-adpt/lib/libzip.so
Event: 0.001 Loaded shared library /home/liftit/.sdkman/candidates/java/11.0.6.hs-adpt/lib/libjimage.so


Dynamic libraries:
00400000-00401000 r-xp 00000000 103:02 4079007                           /home/liftit/.sdkman/candidates/java/11.0.6.hs-adpt/bin/java
00600000-00601000 r--p 00000000 103:02 4079007                           /home/liftit/.sdkman/candidates/java/11.0.6.hs-adpt/bin/java
00601000-00602000 rw-p 00001000 103:02 4079007                           /home/liftit/.sdkman/candidates/java/11.0.6.hs-adpt/bin/java
019ab000-019cc000 rw-p 00000000 00:00 0                                  [heap]
7f9da4000000-7f9da4021000 rw-p 00000000 00:00 0 
7f9da4021000-7f9da8000000 ---p 00000000 00:00 0 
7f9da8000000-7f9da8021000 rw-p 00000000 00:00 0 
7f9da8021000-7f9dac000000 ---p 00000000 00:00 0 
7f9dac000000-7f9dac021000 rw-p 00000000 00:00 0 
7f9dac021000-7f9db0000000 ---p 00000000 00:00 0 
7f9db0284000-7f9db2910000 rw-p 00000000 00:00 0 
7f9db2910000-7f9db3910000 ---p 00000000 00:00 0 
7f9db3910000-7f9db3b80000 rwxp 00000000 00:00 0 
7f9db3b80000-7f9dbb910000 ---p 00000000 00:00 0 
7f9dbb910000-7f9dc4000000 r--s 00000000 103:02 4078956                   /home/liftit/.sdkman/candidates/java/11.0.6.hs-adpt/lib/modules
7f9dc4000000-7f9dc408b000 rw-p 00000000 00:00 0 
7f9dc408b000-7f9dc8000000 ---p 00000000 00:00 0 
7f9dc8055000-7f9dc855a000 rw-p 00000000 00:00 0 
7f9dc855a000-7f9dc855b000 ---p 00000000 00:00 0 
7f9dc855b000-7f9dc865c000 rw-p 00000000 00:00 0 
7f9dc865c000-7f9dc865d000 ---p 00000000 00:00 0 
7f9dc865d000-7f9dc875e000 rw-p 00000000 00:00 0 
7f9dc875e000-7f9dc9d5e000 ---p 00000000 00:00 0 
7f9dc9d5e000-7f9dca566000 rw-p 00000000 00:00 0 
7f9dca566000-7f9dca567000 ---p 00000000 00:00 0 
7f9dca567000-7f9dca668000 rw-p 00000000 00:00 0 
7f9dca668000-7f9dca683000 r-xp 00000000 103:02 4078981                   /home/liftit/.sdkman/candidates/java/11.0.6.hs-adpt/lib/libjimage.so
7f9dca683000-7f9dca883000 ---p 0001b000 103:02 4078981                   /home/liftit/.sdkman/candidates/java/11.0.6.hs-adpt/lib/libjimage.so
7f9dca883000-7f9dca885000 r--p 0001b000 103:02 4078981                   /home/liftit/.sdkman/candidates/java/11.0.6.hs-adpt/lib/libjimage.so
7f9dca885000-7f9dca886000 rw-p 0001d000 103:02 4078981                   /home/liftit/.sdkman/candidates/java/11.0.6.hs-adpt/lib/libjimage.so
7f9dca886000-7f9dca88d000 r-xp 00000000 103:02 4078952                   /home/liftit/.sdkman/candidates/java/11.0.6.hs-adpt/lib/libzip.so
7f9dca88d000-7f9dcaa8c000 ---p 00007000 103:02 4078952                   /home/liftit/.sdkman/candidates/java/11.0.6.hs-adpt/lib/libzip.so
7f9dcaa8c000-7f9dcaa8d000 r--p 00006000 103:02 4078952                   /home/liftit/.sdkman/candidates/java/11.0.6.hs-adpt/lib/libzip.so
7f9dcaa8d000-7f9dcaa8e000 rw-p 00007000 103:02 4078952                   /home/liftit/.sdkman/candidates/java/11.0.6.hs-adpt/lib/libzip.so
7f9dcaa8e000-7f9dcaa99000 r-xp 00000000 103:02 5509956                   /lib/x86_64-linux-gnu/libnss_files-2.27.so
7f9dcaa99000-7f9dcac98000 ---p 0000b000 103:02 5509956                   /lib/x86_64-linux-gnu/libnss_files-2.27.so
7f9dcac98000-7f9dcac99000 r--p 0000a000 103:02 5509956                   /lib/x86_64-linux-gnu/libnss_files-2.27.so
7f9dcac99000-7f9dcac9a000 rw-p 0000b000 103:02 5509956                   /lib/x86_64-linux-gnu/libnss_files-2.27.so
7f9dcac9a000-7f9dcaca0000 rw-p 00000000 00:00 0 
7f9dcaca0000-7f9dcacb7000 r-xp 00000000 103:02 5509950                   /lib/x86_64-linux-gnu/libnsl-2.27.so
7f9dcacb7000-7f9dcaeb6000 ---p 00017000 103:02 5509950                   /lib/x86_64-linux-gnu/libnsl-2.27.so
7f9dcaeb6000-7f9dcaeb7000 r--p 00016000 103:02 5509950                   /lib/x86_64-linux-gnu/libnsl-2.27.so
7f9dcaeb7000-7f9dcaeb8000 rw-p 00017000 103:02 5509950                   /lib/x86_64-linux-gnu/libnsl-2.27.so
7f9dcaeb8000-7f9dcaeba000 rw-p 00000000 00:00 0 
7f9dcaeba000-7f9dcaec5000 r-xp 00000000 103:02 5509967                   /lib/x86_64-linux-gnu/libnss_nis-2.27.so
7f9dcaec5000-7f9dcb0c4000 ---p 0000b000 103:02 5509967                   /lib/x86_64-linux-gnu/libnss_nis-2.27.so
7f9dcb0c4000-7f9dcb0c5000 r--p 0000a000 103:02 5509967                   /lib/x86_64-linux-gnu/libnss_nis-2.27.so
7f9dcb0c5000-7f9dcb0c6000 rw-p 0000b000 103:02 5509967                   /lib/x86_64-linux-gnu/libnss_nis-2.27.so
7f9dcb0c6000-7f9dcb0ce000 r-xp 00000000 103:02 5509952                   /lib/x86_64-linux-gnu/libnss_compat-2.27.so
7f9dcb0ce000-7f9dcb2ce000 ---p 00008000 103:02 5509952                   /lib/x86_64-linux-gnu/libnss_compat-2.27.so
7f9dcb2ce000-7f9dcb2cf000 r--p 00008000 103:02 5509952                   /lib/x86_64-linux-gnu/libnss_compat-2.27.so
7f9dcb2cf000-7f9dcb2d0000 rw-p 00009000 103:02 5509952                   /lib/x86_64-linux-gnu/libnss_compat-2.27.so
7f9dcb2d0000-7f9dcb2fa000 r-xp 00000000 103:02 4078980                   /home/liftit/.sdkman/candidates/java/11.0.6.hs-adpt/lib/libjava.so
7f9dcb2fa000-7f9dcb4f9000 ---p 0002a000 103:02 4078980                   /home/liftit/.sdkman/candidates/java/11.0.6.hs-adpt/lib/libjava.so
7f9dcb4f9000-7f9dcb4fa000 r--p 00029000 103:02 4078980                   /home/liftit/.sdkman/candidates/java/11.0.6.hs-adpt/lib/libjava.so
7f9dcb4fa000-7f9dcb4fc000 rw-p 0002a000 103:02 4078980                   /home/liftit/.sdkman/candidates/java/11.0.6.hs-adpt/lib/libjava.so
7f9dcb4fc000-7f9dcb50d000 r-xp 00000000 103:02 4078991                   /home/liftit/.sdkman/candidates/java/11.0.6.hs-adpt/lib/libverify.so
7f9dcb50d000-7f9dcb70c000 ---p 00011000 103:02 4078991                   /home/liftit/.sdkman/candidates/java/11.0.6.hs-adpt/lib/libverify.so
7f9dcb70c000-7f9dcb70e000 r--p 00010000 103:02 4078991                   /home/liftit/.sdkman/candidates/java/11.0.6.hs-adpt/lib/libverify.so
7f9dcb70e000-7f9dcb70f000 rw-p 00012000 103:02 4078991                   /home/liftit/.sdkman/candidates/java/11.0.6.hs-adpt/lib/libverify.so
7f9dcb70f000-7f9dcb716000 r-xp 00000000 103:02 5510007                   /lib/x86_64-linux-gnu/librt-2.27.so
7f9dcb716000-7f9dcb915000 ---p 00007000 103:02 5510007                   /lib/x86_64-linux-gnu/librt-2.27.so
7f9dcb915000-7f9dcb916000 r--p 00006000 103:02 5510007                   /lib/x86_64-linux-gnu/librt-2.27.so
7f9dcb916000-7f9dcb917000 rw-p 00007000 103:02 5510007                   /lib/x86_64-linux-gnu/librt-2.27.so
7f9dcb917000-7f9dcb91b000 ---p 00000000 00:00 0 
7f9dcb91b000-7f9dcbd18000 rw-p 00000000 00:00 0 
7f9dcbd18000-7f9dcbeb5000 r-xp 00000000 103:02 5509929                   /lib/x86_64-linux-gnu/libm-2.27.so
7f9dcbeb5000-7f9dcc0b4000 ---p 0019d000 103:02 5509929                   /lib/x86_64-linux-gnu/libm-2.27.so
7f9dcc0b4000-7f9dcc0b5000 r--p 0019c000 103:02 5509929                   /lib/x86_64-linux-gnu/libm-2.27.so
7f9dcc0b5000-7f9dcc0b6000 rw-p 0019d000 103:02 5509929                   /lib/x86_64-linux-gnu/libm-2.27.so
7f9dcc0b6000-7f9dcd1fa000 r-xp 00000000 103:02 5387295                   /home/liftit/.sdkman/candidates/java/11.0.6.hs-adpt/lib/server/libjvm.so
7f9dcd1fa000-7f9dcd3f9000 ---p 01144000 103:02 5387295                   /home/liftit/.sdkman/candidates/java/11.0.6.hs-adpt/lib/server/libjvm.so
7f9dcd3f9000-7f9dcd4b8000 r--p 01143000 103:02 5387295                   /home/liftit/.sdkman/candidates/java/11.0.6.hs-adpt/lib/server/libjvm.so
7f9dcd4b8000-7f9dcd4f2000 rw-p 01202000 103:02 5387295                   /home/liftit/.sdkman/candidates/java/11.0.6.hs-adpt/lib/server/libjvm.so
7f9dcd4f2000-7f9dcd548000 rw-p 00000000 00:00 0 
7f9dcd548000-7f9dcd72f000 r-xp 00000000 103:02 5509866                   /lib/x86_64-linux-gnu/libc-2.27.so
7f9dcd72f000-7f9dcd92f000 ---p 001e7000 103:02 5509866                   /lib/x86_64-linux-gnu/libc-2.27.so
7f9dcd92f000-7f9dcd933000 r--p 001e7000 103:02 5509866                   /lib/x86_64-linux-gnu/libc-2.27.so
7f9dcd933000-7f9dcd935000 rw-p 001eb000 103:02 5509866                   /lib/x86_64-linux-gnu/libc-2.27.so
7f9dcd935000-7f9dcd939000 rw-p 00000000 00:00 0 
7f9dcd939000-7f9dcd93c000 r-xp 00000000 103:02 5509889                   /lib/x86_64-linux-gnu/libdl-2.27.so
7f9dcd93c000-7f9dcdb3b000 ---p 00003000 103:02 5509889                   /lib/x86_64-linux-gnu/libdl-2.27.so
7f9dcdb3b000-7f9dcdb3c000 r--p 00002000 103:02 5509889                   /lib/x86_64-linux-gnu/libdl-2.27.so
7f9dcdb3c000-7f9dcdb3d000 rw-p 00003000 103:02 5509889                   /lib/x86_64-linux-gnu/libdl-2.27.so
7f9dcdb3d000-7f9dcdb4d000 r-xp 00000000 103:02 5783129                   /home/liftit/.sdkman/candidates/java/11.0.6.hs-adpt/lib/jli/libjli.so
7f9dcdb4d000-7f9dcdd4c000 ---p 00010000 103:02 5783129                   /home/liftit/.sdkman/candidates/java/11.0.6.hs-adpt/lib/jli/libjli.so
7f9dcdd4c000-7f9dcdd4d000 r--p 0000f000 103:02 5783129                   /home/liftit/.sdkman/candidates/java/11.0.6.hs-adpt/lib/jli/libjli.so
7f9dcdd4d000-7f9dcdd4e000 rw-p 00010000 103:02 5783129                   /home/liftit/.sdkman/candidates/java/11.0.6.hs-adpt/lib/jli/libjli.so
7f9dcdd4e000-7f9dcdd68000 r-xp 00000000 103:02 5509999                   /lib/x86_64-linux-gnu/libpthread-2.27.so
7f9dcdd68000-7f9dcdf67000 ---p 0001a000 103:02 5509999                   /lib/x86_64-linux-gnu/libpthread-2.27.so
7f9dcdf67000-7f9dcdf68000 r--p 00019000 103:02 5509999                   /lib/x86_64-linux-gnu/libpthread-2.27.so
7f9dcdf68000-7f9dcdf69000 rw-p 0001a000 103:02 5509999                   /lib/x86_64-linux-gnu/libpthread-2.27.so
7f9dcdf69000-7f9dcdf6d000 rw-p 00000000 00:00 0 
7f9dcdf6d000-7f9dcdf89000 r-xp 00000000 103:02 5510038                   /lib/x86_64-linux-gnu/libz.so.1.2.11
7f9dcdf89000-7f9dce188000 ---p 0001c000 103:02 5510038                   /lib/x86_64-linux-gnu/libz.so.1.2.11
7f9dce188000-7f9dce189000 r--p 0001b000 103:02 5510038                   /lib/x86_64-linux-gnu/libz.so.1.2.11
7f9dce189000-7f9dce18a000 rw-p 0001c000 103:02 5510038                   /lib/x86_64-linux-gnu/libz.so.1.2.11
7f9dce18a000-7f9dce1b1000 r-xp 00000000 103:02 5509838                   /lib/x86_64-linux-gnu/ld-2.27.so
7f9dce252000-7f9dce29a000 rw-p 00000000 00:00 0 
7f9dce29a000-7f9dce395000 ---p 00000000 00:00 0 
7f9dce395000-7f9dce397000 rw-p 00000000 00:00 0 
7f9dce3a5000-7f9dce3ad000 rw-s 00000000 103:02 5649556                   /tmp/hsperfdata_liftit/22012
7f9dce3ad000-7f9dce3ae000 ---p 00000000 00:00 0 
7f9dce3ae000-7f9dce3af000 r--p 00000000 00:00 0 
7f9dce3af000-7f9dce3b1000 rw-p 00000000 00:00 0 
7f9dce3b1000-7f9dce3b2000 r--p 00027000 103:02 5509838                   /lib/x86_64-linux-gnu/ld-2.27.so
7f9dce3b2000-7f9dce3b3000 rw-p 00028000 103:02 5509838                   /lib/x86_64-linux-gnu/ld-2.27.so
7f9dce3b3000-7f9dce3b4000 rw-p 00000000 00:00 0 
7ffd305ab000-7ffd305cd000 rw-p 00000000 00:00 0                          [stack]
7ffd305f2000-7ffd305f5000 r--p 00000000 00:00 0                          [vvar]
7ffd305f5000-7ffd305f7000 r-xp 00000000 00:00 0                          [vdso]
ffffffffff600000-ffffffffff601000 r-xp 00000000 00:00 0                  [vsyscall]


VM Arguments:
jvm_args: -Dfile.encoding=UTF-8 -Xms1024m -Xmx1024m -Xss4M -XX:ReservedCodeCacheSize=128m -Dscala.ext.dirs= 
java_command: /home/liftit/.sdkman/candidates/sbt/1.3.7/bin/sbt-launch.jar
java_class_path (initial): /home/liftit/.sdkman/candidates/sbt/1.3.7/bin/sbt-launch.jar
Launcher Type: SUN_STANDARD

[Global flags]
     intx CICompilerCount                          = 4                                         {product} {ergonomic}
     uint ConcGCThreads                            = 2                                         {product} {ergonomic}
     uint G1ConcRefinementThreads                  = 8                                         {product} {ergonomic}
   size_t G1HeapRegionSize                         = 1048576                                   {product} {ergonomic}
    uintx GCDrainStackTargetSize                   = 64                                        {product} {ergonomic}
   size_t InitialHeapSize                          = 1073741824                                {product} {command line}
   size_t MarkStackSize                            = 4194304                                   {product} {ergonomic}
   size_t MaxHeapSize                              = 1073741824                                {product} {command line}
   size_t MinHeapDeltaBytes                        = 1048576                                   {product} {ergonomic}
    uintx NonProfiledCodeHeapSize                  = 0                                      {pd product} {ergonomic}
    uintx ProfiledCodeHeapSize                     = 0                                      {pd product} {ergonomic}
    uintx ReservedCodeCacheSize                    = 134217728                              {pd product} {command line}
     intx ThreadStackSize                          = 4096                                   {pd product} {command line}
     bool UseCompressedClassPointers               = true                                 {lp64_product} {ergonomic}
     bool UseCompressedOops                        = true                                 {lp64_product} {ergonomic}
     bool UseG1GC                                  = true                                      {product} {ergonomic}

Logging:
Log output configuration:
 #0: stdout all=warning uptime,level,tags
 #1: stderr all=off uptime,level,tags

Environment Variables:
JAVA_HOME=/home/liftit/.sdkman/candidates/java/current
PATH=/home/liftit/.sdkman/candidates/sbt/current/bin:/home/liftit/.sdkman/candidates/java/current/bin:/home/liftit/.cargo/bin:/home/liftit/.nvm/versions/node/v12.4.0/bin:/home/liftit/.asdf/shims:/home/liftit/.asdf/bin:/home/liftit/.rvm/gems/ruby-2.6.3/bin:/home/liftit/.rvm/gems/ruby-2.6.3@global/bin:/home/liftit/.rvm/rubies/ruby-2.6.3/bin:/home/liftit/.cargo/bin:/home/liftit/.local/bin:/home/liftit/bin:/usr/local/sbin:/usr/local/bin:/usr/sbin:/usr/bin:/sbin:/bin:/usr/games:/usr/local/games:/snap/bin:/home/liftit/.dotnet/tools:/home/liftit/.rvm/bin:/home/liftit/bin/julia-1.3.0/bin:/home/liftit/go/bin:/home/liftit/.rvm/bin
USERNAME=liftit
SHELL=/bin/zsh
DISPLAY=:0

Signal Handlers:
SIGSEGV: [libjvm.so+0xe334d0], sa_mask[0]=11111111011111111101111111111110, sa_flags=SA_RESTART|SA_SIGINFO
SIGBUS: [libjvm.so+0xe334d0], sa_mask[0]=11111111011111111101111111111110, sa_flags=SA_RESTART|SA_SIGINFO
SIGFPE: [libjvm.so+0xe334d0], sa_mask[0]=11111111011111111101111111111110, sa_flags=SA_RESTART|SA_SIGINFO
SIGPIPE: [libjvm.so+0xc061e0], sa_mask[0]=11111111011111111101111111111110, sa_flags=SA_RESTART|SA_SIGINFO
SIGXFSZ: [libjvm.so+0xc061e0], sa_mask[0]=11111111011111111101111111111110, sa_flags=SA_RESTART|SA_SIGINFO
SIGILL: [libjvm.so+0xe334d0], sa_mask[0]=11111111011111111101111111111110, sa_flags=SA_RESTART|SA_SIGINFO
SIGUSR2: [libjvm.so+0xc06080], sa_mask[0]=00000000000000000000000000000000, sa_flags=SA_RESTART|SA_SIGINFO
SIGHUP: SIG_DFL, sa_mask[0]=00000000000000000000000000000000, sa_flags=none
SIGINT: SIG_DFL, sa_mask[0]=00000000000000000000000000000000, sa_flags=none
SIGTERM: SIG_DFL, sa_mask[0]=00000000000000000000000000000000, sa_flags=none
SIGQUIT: SIG_DFL, sa_mask[0]=00000000000000000000000000000000, sa_flags=none


---------------  S Y S T E M  ---------------

OS:DISTRIB_ID=Ubuntu
DISTRIB_RELEASE=18.04
DISTRIB_CODENAME=bionic
DISTRIB_DESCRIPTION="Ubuntu 18.04.3 LTS"
uname:Linux 4.15.0-74-generic #84-Ubuntu SMP Thu Dec 19 08:06:28 UTC 2019 x86_64
libc:glibc 2.27 NPTL 2.27 
rlimit: STACK 8192k, CORE 0k, NPROC 30553, NOFILE 4096, AS infinity, DATA infinity, FSIZE infinity
load average:1.51 1.38 1.24

/proc/meminfo:
MemTotal:        7924244 kB
MemFree:          138628 kB
MemAvailable:     478180 kB
Buffers:           39812 kB
Cached:          1137176 kB
SwapCached:       110952 kB
Active:          5978396 kB
Inactive:        1152984 kB
Active(anon):    5717536 kB
Inactive(anon):   902864 kB
Active(file):     260860 kB
Inactive(file):   250120 kB
Unevictable:         128 kB
Mlocked:             128 kB
SwapTotal:       2097148 kB
SwapFree:         124056 kB
Dirty:             19080 kB
Writeback:             0 kB
AnonPages:       5845232 kB
Mapped:           742660 kB
Shmem:            694608 kB
Slab:             274204 kB
SReclaimable:     102216 kB
SUnreclaim:       171988 kB
KernelStack:       28420 kB
PageTables:       135796 kB
NFS_Unstable:          0 kB
Bounce:                0 kB
WritebackTmp:          0 kB
CommitLimit:     6059268 kB
Committed_AS:   23495332 kB
VmallocTotal:   34359738367 kB
VmallocUsed:           0 kB
VmallocChunk:          0 kB
HardwareCorrupted:     0 kB
AnonHugePages:         0 kB
ShmemHugePages:        0 kB
ShmemPmdMapped:        0 kB
CmaTotal:              0 kB
CmaFree:               0 kB
HugePages_Total:       0
HugePages_Free:        0
HugePages_Rsvd:        0
HugePages_Surp:        0
Hugepagesize:       2048 kB
DirectMap4k:      691204 kB
DirectMap2M:     7452672 kB
DirectMap1G:     1048576 kB


/proc/sys/kernel/threads-max (system-wide limit on the number of threads):
61107


/proc/sys/vm/max_map_count (maximum number of memory map areas a process may have):
65530


/proc/sys/kernel/pid_max (system-wide limit on number of process identifiers):
32768



container (cgroup) information:
container_type: cgroupv1
cpu_cpuset_cpus: 0-7
cpu_memory_nodes: 0
active_processor_count: 8
cpu_quota: -1
cpu_period: 100000
cpu_shares: -1
memory_limit_in_bytes: -1
memory_and_swap_limit_in_bytes: -2
memory_soft_limit_in_bytes: -1
memory_usage_in_bytes: 7464357888
memory_max_usage_in_bytes: 7599046656

Steal ticks since vm start: 0
Steal ticks percentage since vm start:  0.000

CPU:total 8 (initial active 8) (4 cores per cpu, 2 threads per core) family 6 model 142 stepping 10, cmov, cx8, fxsr, mmx, sse, sse2, sse3, ssse3, sse4.1, sse4.2, popcnt, avx, avx2, aes, clmul, erms, 3dnowpref, lzcnt, ht, tsc, tscinvbit, bmi1, bmi2, adx, fma
CPU Model and flags from /proc/cpuinfo:
model name	: Intel(R) Core(TM) i7-8550U CPU @ 1.80GHz
flags		: fpu vme de pse tsc msr pae mce cx8 apic sep mtrr pge mca cmov pat pse36 clflush dts acpi mmx fxsr sse sse2 ss ht tm pbe syscall nx pdpe1gb rdtscp lm constant_tsc art arch_perfmon pebs bts rep_good nopl xtopology nonstop_tsc cpuid aperfmperf tsc_known_freq pni pclmulqdq dtes64 monitor ds_cpl vmx est tm2 ssse3 sdbg fma cx16 xtpr pdcm pcid sse4_1 sse4_2 x2apic movbe popcnt tsc_deadline_timer aes xsave avx f16c rdrand lahf_lm abm 3dnowprefetch cpuid_fault epb invpcid_single pti ssbd ibrs ibpb stibp tpr_shadow vnmi flexpriority ept vpid fsgsbase tsc_adjust bmi1 avx2 smep bmi2 erms invpcid mpx rdseed adx smap clflushopt intel_pt xsaveopt xsavec xgetbv1 xsaves dtherm ida arat pln pts hwp hwp_notify hwp_act_window hwp_epp md_clear flush_l1d

Memory: 4k page, physical 7924244k(138628k free), swap 2097148k(124056k free)

vm_info: OpenJDK 64-Bit Server VM (11.0.6+10) for linux-amd64 JRE (11.0.6+10), built on Jan 15 2020 12:10:43 by "jenkins" with gcc 7.3.1 20180303 (Red Hat 7.3.1-5)

END.
