#
# There is insufficient memory for the Java Runtime Environment to continue.
# Native memory allocation (mmap) failed to map 1073741824 bytes for committing reserved memory.
# Possible reasons:
#   The system is out of physical RAM or swap space
#   The process is running with CompressedOops enabled, and the Java Heap may be blocking the growth of the native heap
# Possible solutions:
#   Reduce memory load on the system
#   Increase physical memory or swap space
#   Check if swap backing store is full
#   Decrease Java heap size (-Xmx/-Xms)
#   Decrease number of Java threads
#   Decrease Java thread stack sizes (-Xss)
#   Set larger code cache with -XX:ReservedCodeCacheSize=
# This output file may be truncated or incomplete.
#
#  Out of Memory Error (os_linux.cpp:2843), pid=21811, tid=21880
#
# JRE version:  (11.0.6+10) (build )
# Java VM: OpenJDK 64-Bit Server VM (11.0.6+10, mixed mode, sharing, tiered, compressed oops, g1 gc, linux-amd64)
# Core dump will be written. Default location: Core dumps may be processed with "/usr/share/apport/apport %p %s %c %d %P" (or dumping to /home/liftit/code/sc/scalademos/core.21811)
#

---------------  S U M M A R Y ------------

Command Line: -Dfile.encoding=UTF-8 -Xms1024m -Xmx1024m -Xss4M -XX:ReservedCodeCacheSize=128m -Dscala.ext.dirs= /home/liftit/.sdkman/candidates/sbt/1.3.7/bin/sbt-launch.jar test

Host: Intel(R) Core(TM) i7-8550U CPU @ 1.80GHz, 8 cores, 7G, Ubuntu 18.04.3 LTS
Time: Tue Jan 28 14:09:37 2020 -05 elapsed time: 0 seconds (0d 0h 0m 0s)

---------------  T H R E A D  ---------------

Current thread (0x00007f8f58014800):  JavaThread "Unknown thread" [_thread_in_vm, id=21880, stack(0x00007f8f5da92000,0x00007f8f5de93000)]

Stack: [0x00007f8f5da92000,0x00007f8f5de93000],  sp=0x00007f8f5de911e0,  free space=4092k
Native frames: (J=compiled Java code, A=aot compiled Java code, j=interpreted, Vv=VM code, C=native code)
V  [libjvm.so+0xe31a38]  VMError::report_and_die(int, char const*, char const*, __va_list_tag*, Thread*, unsigned char*, void*, void*, char const*, int, unsigned long)+0x348
V  [libjvm.so+0xe326fb]  VMError::report_and_die(Thread*, char const*, int, unsigned long, VMErrorType, char const*, __va_list_tag*)+0x2b
V  [libjvm.so+0x68ddb5]  report_vm_out_of_memory(char const*, int, unsigned long, VMErrorType, char const*, ...)+0xd5
V  [libjvm.so+0xc0a438]  os::pd_commit_memory_or_exit(char*, unsigned long, unsigned long, bool, char const*)+0x108
V  [libjvm.so+0xc0206d]  os::commit_memory_or_exit(char*, unsigned long, unsigned long, bool, char const*)+0x1d
V  [libjvm.so+0x7ab86c]  G1PageBasedVirtualSpace::commit_preferred_pages(unsigned long, unsigned long)+0x6c
V  [libjvm.so+0x7abb0e]  G1PageBasedVirtualSpace::commit(unsigned long, unsigned long)+0x5e
V  [libjvm.so+0x7b7b80]  G1RegionsLargerThanCommitSizeMapper::commit_regions(unsigned int, unsigned long, WorkGang*)+0x40
V  [libjvm.so+0x833b19]  HeapRegionManager::commit_regions(unsigned int, unsigned long, WorkGang*)+0x89
V  [libjvm.so+0x834772]  HeapRegionManager::make_regions_available(unsigned int, unsigned int, WorkGang*)+0x42
V  [libjvm.so+0x834bd9]  HeapRegionManager::expand_at(unsigned int, unsigned int, WorkGang*) [clone .part.22]+0x119
V  [libjvm.so+0x76992f]  G1CollectedHeap::expand(unsigned long, WorkGang*, double*)+0xdf
V  [libjvm.so+0x76a01d]  G1CollectedHeap::initialize()+0x66d
V  [libjvm.so+0xdec401]  Universe::initialize_heap()+0x41
V  [libjvm.so+0xdec6c6]  universe_init()+0x46
V  [libjvm.so+0x854e27]  init_globals()+0x57
V  [libjvm.so+0xdc4437]  Threads::create_vm(JavaVMInitArgs*, bool*)+0x357
V  [libjvm.so+0x911902]  JNI_CreateJavaVM+0x52
C  [libjli.so+0x4ac6]  JavaMain+0x86


---------------  P R O C E S S  ---------------

Threads class SMR info:
_java_thread_list=0x0000000001c3ab80, length=0, elements={
}

Java Threads: ( => current thread )

Other Threads:
  0x00007f8f5803e800 GCTaskThread "GC Thread#0" [stack: 0x00007f8f5c6e3000,0x00007f8f5c7e3000] [id=21881]
  0x00007f8f5805a800 ConcurrentGCThread "G1 Main Marker" [stack: 0x00007f8f4500e000,0x00007f8f4510e000] [id=21882]
  0x00007f8f5805c800 ConcurrentGCThread "G1 Conc#0" [stack: 0x00007f8f44f0c000,0x00007f8f4500c000] [id=21883]

[error occurred during error reporting (printing all threads), id 0xb, SIGSEGV (0xb) at pc=0x00007f8f5e9b3b70]

VM state:not at safepoint (not fully initialized)

VM Mutex/Monitor currently owned by a thread:  ([mutex/lock_event])
[0x00007f8f58011150] Heap_lock - owner thread: 0x00007f8f58014800

Heap address: 0x00000000c0000000, size: 1024 MB, Compressed Oops mode: Non-zero based: 0x00000000c0000000
Narrow klass base: 0x0000000000000000, Narrow klass shift: 0

GC Heap History (0 events):
No events

Deoptimization events (0 events):
No events

Classes redefined (0 events):
No events

Internal exceptions (0 events):
No events

Events (3 events):
Event: 0.001 Protecting memory [0x00007f8f5da92000,0x00007f8f5da96000] with protection modes 0
Event: 0.001 Loaded shared library /home/liftit/.sdkman/candidates/java/11.0.6.hs-adpt/lib/libzip.so
Event: 0.001 Loaded shared library /home/liftit/.sdkman/candidates/java/11.0.6.hs-adpt/lib/libjimage.so


Dynamic libraries:
00400000-00401000 r-xp 00000000 103:02 4079007                           /home/liftit/.sdkman/candidates/java/11.0.6.hs-adpt/bin/java
00600000-00601000 r--p 00000000 103:02 4079007                           /home/liftit/.sdkman/candidates/java/11.0.6.hs-adpt/bin/java
00601000-00602000 rw-p 00001000 103:02 4079007                           /home/liftit/.sdkman/candidates/java/11.0.6.hs-adpt/bin/java
01c37000-01c58000 rw-p 00000000 00:00 0                                  [heap]
7f8f36000000-7f8f38000000 rw-p 00000000 00:00 0 
7f8f38000000-7f8f38021000 rw-p 00000000 00:00 0 
7f8f38021000-7f8f3c000000 ---p 00000000 00:00 0 
7f8f3c000000-7f8f3c021000 rw-p 00000000 00:00 0 
7f8f3c021000-7f8f40000000 ---p 00000000 00:00 0 
7f8f40000000-7f8f40021000 rw-p 00000000 00:00 0 
7f8f40021000-7f8f44000000 ---p 00000000 00:00 0 
7f8f44379000-7f8f44f0a000 rw-p 00000000 00:00 0 
7f8f44f0a000-7f8f44f0b000 ---p 00000000 00:00 0 
7f8f44f0b000-7f8f4500c000 rw-p 00000000 00:00 0 
7f8f4500c000-7f8f4500d000 ---p 00000000 00:00 0 
7f8f4500d000-7f8f4510e000 rw-p 00000000 00:00 0 
7f8f4510e000-7f8f4770e000 ---p 00000000 00:00 0 
7f8f4770e000-7f8f47910000 rw-p 00000000 00:00 0 
7f8f47910000-7f8f47b80000 rwxp 00000000 00:00 0 
7f8f47b80000-7f8f4f910000 ---p 00000000 00:00 0 
7f8f4f910000-7f8f58000000 r--s 00000000 103:02 4078956                   /home/liftit/.sdkman/candidates/java/11.0.6.hs-adpt/lib/modules
7f8f58000000-7f8f5808b000 rw-p 00000000 00:00 0 
7f8f5808b000-7f8f5c000000 ---p 00000000 00:00 0 
7f8f5c0db000-7f8f5c6e1000 rw-p 00000000 00:00 0 
7f8f5c6e1000-7f8f5c6e2000 ---p 00000000 00:00 0 
7f8f5c6e2000-7f8f5c7e3000 rw-p 00000000 00:00 0 
7f8f5c7e3000-7f8f5c7fe000 r-xp 00000000 103:02 4078981                   /home/liftit/.sdkman/candidates/java/11.0.6.hs-adpt/lib/libjimage.so
7f8f5c7fe000-7f8f5c9fe000 ---p 0001b000 103:02 4078981                   /home/liftit/.sdkman/candidates/java/11.0.6.hs-adpt/lib/libjimage.so
7f8f5c9fe000-7f8f5ca00000 r--p 0001b000 103:02 4078981                   /home/liftit/.sdkman/candidates/java/11.0.6.hs-adpt/lib/libjimage.so
7f8f5ca00000-7f8f5ca01000 rw-p 0001d000 103:02 4078981                   /home/liftit/.sdkman/candidates/java/11.0.6.hs-adpt/lib/libjimage.so
7f8f5ca01000-7f8f5ca08000 r-xp 00000000 103:02 4078952                   /home/liftit/.sdkman/candidates/java/11.0.6.hs-adpt/lib/libzip.so
7f8f5ca08000-7f8f5cc07000 ---p 00007000 103:02 4078952                   /home/liftit/.sdkman/candidates/java/11.0.6.hs-adpt/lib/libzip.so
7f8f5cc07000-7f8f5cc08000 r--p 00006000 103:02 4078952                   /home/liftit/.sdkman/candidates/java/11.0.6.hs-adpt/lib/libzip.so
7f8f5cc08000-7f8f5cc09000 rw-p 00007000 103:02 4078952                   /home/liftit/.sdkman/candidates/java/11.0.6.hs-adpt/lib/libzip.so
7f8f5cc09000-7f8f5cc14000 r-xp 00000000 103:02 5509956                   /lib/x86_64-linux-gnu/libnss_files-2.27.so
7f8f5cc14000-7f8f5ce13000 ---p 0000b000 103:02 5509956                   /lib/x86_64-linux-gnu/libnss_files-2.27.so
7f8f5ce13000-7f8f5ce14000 r--p 0000a000 103:02 5509956                   /lib/x86_64-linux-gnu/libnss_files-2.27.so
7f8f5ce14000-7f8f5ce15000 rw-p 0000b000 103:02 5509956                   /lib/x86_64-linux-gnu/libnss_files-2.27.so
7f8f5ce15000-7f8f5ce1b000 rw-p 00000000 00:00 0 
7f8f5ce1b000-7f8f5ce32000 r-xp 00000000 103:02 5509950                   /lib/x86_64-linux-gnu/libnsl-2.27.so
7f8f5ce32000-7f8f5d031000 ---p 00017000 103:02 5509950                   /lib/x86_64-linux-gnu/libnsl-2.27.so
7f8f5d031000-7f8f5d032000 r--p 00016000 103:02 5509950                   /lib/x86_64-linux-gnu/libnsl-2.27.so
7f8f5d032000-7f8f5d033000 rw-p 00017000 103:02 5509950                   /lib/x86_64-linux-gnu/libnsl-2.27.so
7f8f5d033000-7f8f5d035000 rw-p 00000000 00:00 0 
7f8f5d035000-7f8f5d040000 r-xp 00000000 103:02 5509967                   /lib/x86_64-linux-gnu/libnss_nis-2.27.so
7f8f5d040000-7f8f5d23f000 ---p 0000b000 103:02 5509967                   /lib/x86_64-linux-gnu/libnss_nis-2.27.so
7f8f5d23f000-7f8f5d240000 r--p 0000a000 103:02 5509967                   /lib/x86_64-linux-gnu/libnss_nis-2.27.so
7f8f5d240000-7f8f5d241000 rw-p 0000b000 103:02 5509967                   /lib/x86_64-linux-gnu/libnss_nis-2.27.so
7f8f5d241000-7f8f5d249000 r-xp 00000000 103:02 5509952                   /lib/x86_64-linux-gnu/libnss_compat-2.27.so
7f8f5d249000-7f8f5d449000 ---p 00008000 103:02 5509952                   /lib/x86_64-linux-gnu/libnss_compat-2.27.so
7f8f5d449000-7f8f5d44a000 r--p 00008000 103:02 5509952                   /lib/x86_64-linux-gnu/libnss_compat-2.27.so
7f8f5d44a000-7f8f5d44b000 rw-p 00009000 103:02 5509952                   /lib/x86_64-linux-gnu/libnss_compat-2.27.so
7f8f5d44b000-7f8f5d475000 r-xp 00000000 103:02 4078980                   /home/liftit/.sdkman/candidates/java/11.0.6.hs-adpt/lib/libjava.so
7f8f5d475000-7f8f5d674000 ---p 0002a000 103:02 4078980                   /home/liftit/.sdkman/candidates/java/11.0.6.hs-adpt/lib/libjava.so
7f8f5d674000-7f8f5d675000 r--p 00029000 103:02 4078980                   /home/liftit/.sdkman/candidates/java/11.0.6.hs-adpt/lib/libjava.so
7f8f5d675000-7f8f5d677000 rw-p 0002a000 103:02 4078980                   /home/liftit/.sdkman/candidates/java/11.0.6.hs-adpt/lib/libjava.so
7f8f5d677000-7f8f5d688000 r-xp 00000000 103:02 4078991                   /home/liftit/.sdkman/candidates/java/11.0.6.hs-adpt/lib/libverify.so
7f8f5d688000-7f8f5d887000 ---p 00011000 103:02 4078991                   /home/liftit/.sdkman/candidates/java/11.0.6.hs-adpt/lib/libverify.so
7f8f5d887000-7f8f5d889000 r--p 00010000 103:02 4078991                   /home/liftit/.sdkman/candidates/java/11.0.6.hs-adpt/lib/libverify.so
7f8f5d889000-7f8f5d88a000 rw-p 00012000 103:02 4078991                   /home/liftit/.sdkman/candidates/java/11.0.6.hs-adpt/lib/libverify.so
7f8f5d88a000-7f8f5d891000 r-xp 00000000 103:02 5510007                   /lib/x86_64-linux-gnu/librt-2.27.so
7f8f5d891000-7f8f5da90000 ---p 00007000 103:02 5510007                   /lib/x86_64-linux-gnu/librt-2.27.so
7f8f5da90000-7f8f5da91000 r--p 00006000 103:02 5510007                   /lib/x86_64-linux-gnu/librt-2.27.so
7f8f5da91000-7f8f5da92000 rw-p 00007000 103:02 5510007                   /lib/x86_64-linux-gnu/librt-2.27.so
7f8f5da92000-7f8f5da96000 ---p 00000000 00:00 0 
7f8f5da96000-7f8f5de93000 rw-p 00000000 00:00 0 
7f8f5de93000-7f8f5e030000 r-xp 00000000 103:02 5509929                   /lib/x86_64-linux-gnu/libm-2.27.so
7f8f5e030000-7f8f5e22f000 ---p 0019d000 103:02 5509929                   /lib/x86_64-linux-gnu/libm-2.27.so
7f8f5e22f000-7f8f5e230000 r--p 0019c000 103:02 5509929                   /lib/x86_64-linux-gnu/libm-2.27.so
7f8f5e230000-7f8f5e231000 rw-p 0019d000 103:02 5509929                   /lib/x86_64-linux-gnu/libm-2.27.so
7f8f5e231000-7f8f5f375000 r-xp 00000000 103:02 5387295                   /home/liftit/.sdkman/candidates/java/11.0.6.hs-adpt/lib/server/libjvm.so
7f8f5f375000-7f8f5f574000 ---p 01144000 103:02 5387295                   /home/liftit/.sdkman/candidates/java/11.0.6.hs-adpt/lib/server/libjvm.so
7f8f5f574000-7f8f5f633000 r--p 01143000 103:02 5387295                   /home/liftit/.sdkman/candidates/java/11.0.6.hs-adpt/lib/server/libjvm.so
7f8f5f633000-7f8f5f66d000 rw-p 01202000 103:02 5387295                   /home/liftit/.sdkman/candidates/java/11.0.6.hs-adpt/lib/server/libjvm.so
7f8f5f66d000-7f8f5f6c3000 rw-p 00000000 00:00 0 
7f8f5f6c3000-7f8f5f8aa000 r-xp 00000000 103:02 5509866                   /lib/x86_64-linux-gnu/libc-2.27.so
7f8f5f8aa000-7f8f5faaa000 ---p 001e7000 103:02 5509866                   /lib/x86_64-linux-gnu/libc-2.27.so
7f8f5faaa000-7f8f5faae000 r--p 001e7000 103:02 5509866                   /lib/x86_64-linux-gnu/libc-2.27.so
7f8f5faae000-7f8f5fab0000 rw-p 001eb000 103:02 5509866                   /lib/x86_64-linux-gnu/libc-2.27.so
7f8f5fab0000-7f8f5fab4000 rw-p 00000000 00:00 0 
7f8f5fab4000-7f8f5fab7000 r-xp 00000000 103:02 5509889                   /lib/x86_64-linux-gnu/libdl-2.27.so
7f8f5fab7000-7f8f5fcb6000 ---p 00003000 103:02 5509889                   /lib/x86_64-linux-gnu/libdl-2.27.so
7f8f5fcb6000-7f8f5fcb7000 r--p 00002000 103:02 5509889                   /lib/x86_64-linux-gnu/libdl-2.27.so
7f8f5fcb7000-7f8f5fcb8000 rw-p 00003000 103:02 5509889                   /lib/x86_64-linux-gnu/libdl-2.27.so
7f8f5fcb8000-7f8f5fcc8000 r-xp 00000000 103:02 5783129                   /home/liftit/.sdkman/candidates/java/11.0.6.hs-adpt/lib/jli/libjli.so
7f8f5fcc8000-7f8f5fec7000 ---p 00010000 103:02 5783129                   /home/liftit/.sdkman/candidates/java/11.0.6.hs-adpt/lib/jli/libjli.so
7f8f5fec7000-7f8f5fec8000 r--p 0000f000 103:02 5783129                   /home/liftit/.sdkman/candidates/java/11.0.6.hs-adpt/lib/jli/libjli.so
7f8f5fec8000-7f8f5fec9000 rw-p 00010000 103:02 5783129                   /home/liftit/.sdkman/candidates/java/11.0.6.hs-adpt/lib/jli/libjli.so
7f8f5fec9000-7f8f5fee3000 r-xp 00000000 103:02 5509999                   /lib/x86_64-linux-gnu/libpthread-2.27.so
7f8f5fee3000-7f8f600e2000 ---p 0001a000 103:02 5509999                   /lib/x86_64-linux-gnu/libpthread-2.27.so
7f8f600e2000-7f8f600e3000 r--p 00019000 103:02 5509999                   /lib/x86_64-linux-gnu/libpthread-2.27.so
7f8f600e3000-7f8f600e4000 rw-p 0001a000 103:02 5509999                   /lib/x86_64-linux-gnu/libpthread-2.27.so
7f8f600e4000-7f8f600e8000 rw-p 00000000 00:00 0 
7f8f600e8000-7f8f60104000 r-xp 00000000 103:02 5510038                   /lib/x86_64-linux-gnu/libz.so.1.2.11
7f8f60104000-7f8f60303000 ---p 0001c000 103:02 5510038                   /lib/x86_64-linux-gnu/libz.so.1.2.11
7f8f60303000-7f8f60304000 r--p 0001b000 103:02 5510038                   /lib/x86_64-linux-gnu/libz.so.1.2.11
7f8f60304000-7f8f60305000 rw-p 0001c000 103:02 5510038                   /lib/x86_64-linux-gnu/libz.so.1.2.11
7f8f60305000-7f8f6032c000 r-xp 00000000 103:02 5509838                   /lib/x86_64-linux-gnu/ld-2.27.so
7f8f603cd000-7f8f60415000 rw-p 00000000 00:00 0 
7f8f60415000-7f8f60510000 ---p 00000000 00:00 0 
7f8f60510000-7f8f60512000 rw-p 00000000 00:00 0 
7f8f60520000-7f8f60528000 rw-s 00000000 103:02 5649556                   /tmp/hsperfdata_liftit/21811
7f8f60528000-7f8f60529000 ---p 00000000 00:00 0 
7f8f60529000-7f8f6052a000 r--p 00000000 00:00 0 
7f8f6052a000-7f8f6052c000 rw-p 00000000 00:00 0 
7f8f6052c000-7f8f6052d000 r--p 00027000 103:02 5509838                   /lib/x86_64-linux-gnu/ld-2.27.so
7f8f6052d000-7f8f6052e000 rw-p 00028000 103:02 5509838                   /lib/x86_64-linux-gnu/ld-2.27.so
7f8f6052e000-7f8f6052f000 rw-p 00000000 00:00 0 
7ffc845f4000-7ffc84616000 rw-p 00000000 00:00 0                          [stack]
7ffc847b3000-7ffc847b6000 r--p 00000000 00:00 0                          [vvar]
7ffc847b6000-7ffc847b8000 r-xp 00000000 00:00 0                          [vdso]
ffffffffff600000-ffffffffff601000 r-xp 00000000 00:00 0                  [vsyscall]


VM Arguments:
jvm_args: -Dfile.encoding=UTF-8 -Xms1024m -Xmx1024m -Xss4M -XX:ReservedCodeCacheSize=128m -Dscala.ext.dirs= 
java_command: /home/liftit/.sdkman/candidates/sbt/1.3.7/bin/sbt-launch.jar test
java_class_path (initial): /home/liftit/.sdkman/candidates/sbt/1.3.7/bin/sbt-launch.jar
Launcher Type: SUN_STANDARD

[Global flags]
     intx CICompilerCount                          = 4                                         {product} {ergonomic}
     uint ConcGCThreads                            = 2                                         {product} {ergonomic}
     uint G1ConcRefinementThreads                  = 8                                         {product} {ergonomic}
   size_t G1HeapRegionSize                         = 1048576                                   {product} {ergonomic}
    uintx GCDrainStackTargetSize                   = 64                                        {product} {ergonomic}
   size_t InitialHeapSize                          = 1073741824                                {product} {command line}
   size_t MarkStackSize                            = 4194304                                   {product} {ergonomic}
   size_t MaxHeapSize                              = 1073741824                                {product} {command line}
   size_t MinHeapDeltaBytes                        = 1048576                                   {product} {ergonomic}
    uintx NonProfiledCodeHeapSize                  = 0                                      {pd product} {ergonomic}
    uintx ProfiledCodeHeapSize                     = 0                                      {pd product} {ergonomic}
    uintx ReservedCodeCacheSize                    = 134217728                              {pd product} {command line}
     intx ThreadStackSize                          = 4096                                   {pd product} {command line}
     bool UseCompressedClassPointers               = true                                 {lp64_product} {ergonomic}
     bool UseCompressedOops                        = true                                 {lp64_product} {ergonomic}
     bool UseG1GC                                  = true                                      {product} {ergonomic}

Logging:
Log output configuration:
 #0: stdout all=warning uptime,level,tags
 #1: stderr all=off uptime,level,tags

Environment Variables:
JAVA_HOME=/home/liftit/.sdkman/candidates/java/current
PATH=/home/liftit/.sdkman/candidates/sbt/current/bin:/home/liftit/.sdkman/candidates/java/current/bin:/home/liftit/.cargo/bin:/home/liftit/.nvm/versions/node/v12.4.0/bin:/home/liftit/.asdf/shims:/home/liftit/.asdf/bin:/home/liftit/.rvm/gems/ruby-2.6.3/bin:/home/liftit/.rvm/gems/ruby-2.6.3@global/bin:/home/liftit/.rvm/rubies/ruby-2.6.3/bin:/home/liftit/.cargo/bin:/home/liftit/.local/bin:/home/liftit/bin:/usr/local/sbin:/usr/local/bin:/usr/sbin:/usr/bin:/sbin:/bin:/usr/games:/usr/local/games:/snap/bin:/home/liftit/.dotnet/tools:/home/liftit/.rvm/bin:/home/liftit/bin/julia-1.3.0/bin:/home/liftit/go/bin:/home/liftit/.rvm/bin
USERNAME=liftit
SHELL=/bin/zsh
DISPLAY=:0

Signal Handlers:
SIGSEGV: [libjvm.so+0xe334d0], sa_mask[0]=11111111011111111101111111111110, sa_flags=SA_RESTART|SA_SIGINFO
SIGBUS: [libjvm.so+0xe334d0], sa_mask[0]=11111111011111111101111111111110, sa_flags=SA_RESTART|SA_SIGINFO
SIGFPE: [libjvm.so+0xe334d0], sa_mask[0]=11111111011111111101111111111110, sa_flags=SA_RESTART|SA_SIGINFO
SIGPIPE: [libjvm.so+0xc061e0], sa_mask[0]=11111111011111111101111111111110, sa_flags=SA_RESTART|SA_SIGINFO
SIGXFSZ: [libjvm.so+0xc061e0], sa_mask[0]=11111111011111111101111111111110, sa_flags=SA_RESTART|SA_SIGINFO
SIGILL: [libjvm.so+0xe334d0], sa_mask[0]=11111111011111111101111111111110, sa_flags=SA_RESTART|SA_SIGINFO
SIGUSR2: [libjvm.so+0xc06080], sa_mask[0]=00000000000000000000000000000000, sa_flags=SA_RESTART|SA_SIGINFO
SIGHUP: SIG_DFL, sa_mask[0]=00000000000000000000000000000000, sa_flags=none
SIGINT: SIG_DFL, sa_mask[0]=00000000000000000000000000000000, sa_flags=none
SIGTERM: SIG_DFL, sa_mask[0]=00000000000000000000000000000000, sa_flags=none
SIGQUIT: SIG_DFL, sa_mask[0]=00000000000000000000000000000000, sa_flags=none


---------------  S Y S T E M  ---------------

OS:DISTRIB_ID=Ubuntu
DISTRIB_RELEASE=18.04
DISTRIB_CODENAME=bionic
DISTRIB_DESCRIPTION="Ubuntu 18.04.3 LTS"
uname:Linux 4.15.0-74-generic #84-Ubuntu SMP Thu Dec 19 08:06:28 UTC 2019 x86_64
libc:glibc 2.27 NPTL 2.27 
rlimit: STACK 8192k, CORE 0k, NPROC 30553, NOFILE 4096, AS infinity, DATA infinity, FSIZE infinity
load average:1.05 1.26 1.20

/proc/meminfo:
MemTotal:        7924244 kB
MemFree:          126748 kB
MemAvailable:     546104 kB
Buffers:           36212 kB
Cached:          1217592 kB
SwapCached:        94204 kB
Active:          5767304 kB
Inactive:        1380356 kB
Active(anon):    5442592 kB
Inactive(anon):  1114916 kB
Active(file):     324712 kB
Inactive(file):   265440 kB
Unevictable:         128 kB
Mlocked:             128 kB
SwapTotal:       2097148 kB
SwapFree:         201364 kB
Dirty:              1224 kB
Writeback:             0 kB
AnonPages:       5800968 kB
Mapped:           808484 kB
Shmem:            702676 kB
Slab:             275344 kB
SReclaimable:     103476 kB
SUnreclaim:       171868 kB
KernelStack:       28144 kB
PageTables:       134956 kB
NFS_Unstable:          0 kB
Bounce:                0 kB
WritebackTmp:          0 kB
CommitLimit:     6059268 kB
Committed_AS:   23485708 kB
VmallocTotal:   34359738367 kB
VmallocUsed:           0 kB
VmallocChunk:          0 kB
HardwareCorrupted:     0 kB
AnonHugePages:         0 kB
ShmemHugePages:        0 kB
ShmemPmdMapped:        0 kB
CmaTotal:              0 kB
CmaFree:               0 kB
HugePages_Total:       0
HugePages_Free:        0
HugePages_Rsvd:        0
HugePages_Surp:        0
Hugepagesize:       2048 kB
DirectMap4k:      691204 kB
DirectMap2M:     7452672 kB
DirectMap1G:     1048576 kB


/proc/sys/kernel/threads-max (system-wide limit on the number of threads):
61107


/proc/sys/vm/max_map_count (maximum number of memory map areas a process may have):
65530


/proc/sys/kernel/pid_max (system-wide limit on number of process identifiers):
32768



container (cgroup) information:
container_type: cgroupv1
cpu_cpuset_cpus: 0-7
cpu_memory_nodes: 0
active_processor_count: 8
cpu_quota: -1
cpu_period: 100000
cpu_shares: -1
memory_limit_in_bytes: -1
memory_and_swap_limit_in_bytes: -2
memory_soft_limit_in_bytes: -1
memory_usage_in_bytes: 7475462144
memory_max_usage_in_bytes: 7599046656

Steal ticks since vm start: 0
Steal ticks percentage since vm start:  0.000

CPU:total 8 (initial active 8) (4 cores per cpu, 2 threads per core) family 6 model 142 stepping 10, cmov, cx8, fxsr, mmx, sse, sse2, sse3, ssse3, sse4.1, sse4.2, popcnt, avx, avx2, aes, clmul, erms, 3dnowpref, lzcnt, ht, tsc, tscinvbit, bmi1, bmi2, adx, fma
CPU Model and flags from /proc/cpuinfo:
model name	: Intel(R) Core(TM) i7-8550U CPU @ 1.80GHz
flags		: fpu vme de pse tsc msr pae mce cx8 apic sep mtrr pge mca cmov pat pse36 clflush dts acpi mmx fxsr sse sse2 ss ht tm pbe syscall nx pdpe1gb rdtscp lm constant_tsc art arch_perfmon pebs bts rep_good nopl xtopology nonstop_tsc cpuid aperfmperf tsc_known_freq pni pclmulqdq dtes64 monitor ds_cpl vmx est tm2 ssse3 sdbg fma cx16 xtpr pdcm pcid sse4_1 sse4_2 x2apic movbe popcnt tsc_deadline_timer aes xsave avx f16c rdrand lahf_lm abm 3dnowprefetch cpuid_fault epb invpcid_single pti ssbd ibrs ibpb stibp tpr_shadow vnmi flexpriority ept vpid fsgsbase tsc_adjust bmi1 avx2 smep bmi2 erms invpcid mpx rdseed adx smap clflushopt intel_pt xsaveopt xsavec xgetbv1 xsaves dtherm ida arat pln pts hwp hwp_notify hwp_act_window hwp_epp md_clear flush_l1d

Memory: 4k page, physical 7924244k(126748k free), swap 2097148k(201364k free)

vm_info: OpenJDK 64-Bit Server VM (11.0.6+10) for linux-amd64 JRE (11.0.6+10), built on Jan 15 2020 12:10:43 by "jenkins" with gcc 7.3.1 20180303 (Red Hat 7.3.1-5)

END.
