#
# There is insufficient memory for the Java Runtime Environment to continue.
# Native memory allocation (mmap) failed to map 1073741824 bytes for committing reserved memory.
# Possible reasons:
#   The system is out of physical RAM or swap space
#   The process is running with CompressedOops enabled, and the Java Heap may be blocking the growth of the native heap
# Possible solutions:
#   Reduce memory load on the system
#   Increase physical memory or swap space
#   Check if swap backing store is full
#   Decrease Java heap size (-Xmx/-Xms)
#   Decrease number of Java threads
#   Decrease Java thread stack sizes (-Xss)
#   Set larger code cache with -XX:ReservedCodeCacheSize=
# This output file may be truncated or incomplete.
#
#  Out of Memory Error (os_linux.cpp:2843), pid=21867, tid=21869
#
# JRE version:  (11.0.6+10) (build )
# Java VM: OpenJDK 64-Bit Server VM (11.0.6+10, mixed mode, sharing, tiered, compressed oops, g1 gc, linux-amd64)
# Core dump will be written. Default location: Core dumps may be processed with "/usr/share/apport/apport %p %s %c %d %P" (or dumping to /home/liftit/code/sc/scalademos/core.21867)
#

---------------  S U M M A R Y ------------

Command Line: -Dfile.encoding=UTF-8 -Xms1024m -Xmx1024m -Xss4M -XX:ReservedCodeCacheSize=128m /home/liftit/.sdkman/candidates/sbt/1.3.7/bin/java9-rt-export.jar --rt-ext-dir

Host: Intel(R) Core(TM) i7-8550U CPU @ 1.80GHz, 8 cores, 7G, Ubuntu 18.04.3 LTS
Time: Tue Jan 28 14:09:37 2020 -05 elapsed time: 0 seconds (0d 0h 0m 0s)

---------------  T H R E A D  ---------------

Current thread (0x00007f2a5c014800):  JavaThread "Unknown thread" [_thread_in_vm, id=21869, stack(0x00007f2a61866000,0x00007f2a61c67000)]

Stack: [0x00007f2a61866000,0x00007f2a61c67000],  sp=0x00007f2a61c651e0,  free space=4092k
Native frames: (J=compiled Java code, A=aot compiled Java code, j=interpreted, Vv=VM code, C=native code)
V  [libjvm.so+0xe31a38]  VMError::report_and_die(int, char const*, char const*, __va_list_tag*, Thread*, unsigned char*, void*, void*, char const*, int, unsigned long)+0x348
V  [libjvm.so+0xe326fb]  VMError::report_and_die(Thread*, char const*, int, unsigned long, VMErrorType, char const*, __va_list_tag*)+0x2b
V  [libjvm.so+0x68ddb5]  report_vm_out_of_memory(char const*, int, unsigned long, VMErrorType, char const*, ...)+0xd5
V  [libjvm.so+0xc0a438]  os::pd_commit_memory_or_exit(char*, unsigned long, unsigned long, bool, char const*)+0x108
V  [libjvm.so+0xc0206d]  os::commit_memory_or_exit(char*, unsigned long, unsigned long, bool, char const*)+0x1d
V  [libjvm.so+0x7ab86c]  G1PageBasedVirtualSpace::commit_preferred_pages(unsigned long, unsigned long)+0x6c
V  [libjvm.so+0x7abb0e]  G1PageBasedVirtualSpace::commit(unsigned long, unsigned long)+0x5e
V  [libjvm.so+0x7b7b80]  G1RegionsLargerThanCommitSizeMapper::commit_regions(unsigned int, unsigned long, WorkGang*)+0x40
V  [libjvm.so+0x833b19]  HeapRegionManager::commit_regions(unsigned int, unsigned long, WorkGang*)+0x89
V  [libjvm.so+0x834772]  HeapRegionManager::make_regions_available(unsigned int, unsigned int, WorkGang*)+0x42
V  [libjvm.so+0x834bd9]  HeapRegionManager::expand_at(unsigned int, unsigned int, WorkGang*) [clone .part.22]+0x119
V  [libjvm.so+0x76992f]  G1CollectedHeap::expand(unsigned long, WorkGang*, double*)+0xdf
V  [libjvm.so+0x76a01d]  G1CollectedHeap::initialize()+0x66d
V  [libjvm.so+0xdec401]  Universe::initialize_heap()+0x41
V  [libjvm.so+0xdec6c6]  universe_init()+0x46
V  [libjvm.so+0x854e27]  init_globals()+0x57
V  [libjvm.so+0xdc4437]  Threads::create_vm(JavaVMInitArgs*, bool*)+0x357
V  [libjvm.so+0x911902]  JNI_CreateJavaVM+0x52
C  [libjli.so+0x4ac6]  JavaMain+0x86


---------------  P R O C E S S  ---------------

Threads class SMR info:
_java_thread_list=0x0000000000fa1d40, length=0, elements={
}

Java Threads: ( => current thread )

Other Threads:
  0x00007f2a5c03e800 GCTaskThread "GC Thread#0" [stack: 0x00007f2a604b7000,0x00007f2a605b7000] [id=21870]
  0x00007f2a5c05a800 ConcurrentGCThread "G1 Main Marker" [stack: 0x00007f2a48e0c000,0x00007f2a48f0c000] [id=21871]
  0x00007f2a5c05c800 ConcurrentGCThread "G1 Conc#0" [stack: 0x00007f2a48d0a000,0x00007f2a48e0a000] [id=21872]

[error occurred during error reporting (printing all threads), id 0xb, SIGSEGV (0xb) at pc=0x00007f2a62787b70]

VM state:not at safepoint (not fully initialized)

VM Mutex/Monitor currently owned by a thread:  ([mutex/lock_event])
[0x00007f2a5c0110d0] Heap_lock - owner thread: 0x00007f2a5c014800

Heap address: 0x00000000c0000000, size: 1024 MB, Compressed Oops mode: Non-zero based: 0x00000000c0000000
Narrow klass base: 0x0000000000000000, Narrow klass shift: 0

GC Heap History (0 events):
No events

Deoptimization events (0 events):
No events

Classes redefined (0 events):
No events

Internal exceptions (0 events):
No events

Events (3 events):
Event: 0.002 Protecting memory [0x00007f2a61866000,0x00007f2a6186a000] with protection modes 0
Event: 0.002 Loaded shared library /home/liftit/.sdkman/candidates/java/11.0.6.hs-adpt/lib/libzip.so
Event: 0.002 Loaded shared library /home/liftit/.sdkman/candidates/java/11.0.6.hs-adpt/lib/libjimage.so


Dynamic libraries:
00400000-00401000 r-xp 00000000 103:02 4079007                           /home/liftit/.sdkman/candidates/java/11.0.6.hs-adpt/bin/java
00600000-00601000 r--p 00000000 103:02 4079007                           /home/liftit/.sdkman/candidates/java/11.0.6.hs-adpt/bin/java
00601000-00602000 rw-p 00001000 103:02 4079007                           /home/liftit/.sdkman/candidates/java/11.0.6.hs-adpt/bin/java
00f9e000-00fbf000 rw-p 00000000 00:00 0                                  [heap]
7f2a3a000000-7f2a3c000000 rw-p 00000000 00:00 0 
7f2a3c000000-7f2a3c021000 rw-p 00000000 00:00 0 
7f2a3c021000-7f2a40000000 ---p 00000000 00:00 0 
7f2a40000000-7f2a40021000 rw-p 00000000 00:00 0 
7f2a40021000-7f2a44000000 ---p 00000000 00:00 0 
7f2a44000000-7f2a44021000 rw-p 00000000 00:00 0 
7f2a44021000-7f2a48000000 ---p 00000000 00:00 0 
7f2a48177000-7f2a48d08000 rw-p 00000000 00:00 0 
7f2a48d08000-7f2a48d09000 ---p 00000000 00:00 0 
7f2a48d09000-7f2a48e0a000 rw-p 00000000 00:00 0 
7f2a48e0a000-7f2a48e0b000 ---p 00000000 00:00 0 
7f2a48e0b000-7f2a48f0c000 rw-p 00000000 00:00 0 
7f2a48f0c000-7f2a4b50c000 ---p 00000000 00:00 0 
7f2a4b50c000-7f2a4b910000 rw-p 00000000 00:00 0 
7f2a4b910000-7f2a4bb80000 rwxp 00000000 00:00 0 
7f2a4bb80000-7f2a53910000 ---p 00000000 00:00 0 
7f2a53910000-7f2a5c000000 r--s 00000000 103:02 4078956                   /home/liftit/.sdkman/candidates/java/11.0.6.hs-adpt/lib/modules
7f2a5c000000-7f2a5c08b000 rw-p 00000000 00:00 0 
7f2a5c08b000-7f2a60000000 ---p 00000000 00:00 0 
7f2a600b1000-7f2a604b5000 rw-p 00000000 00:00 0 
7f2a604b5000-7f2a604b6000 ---p 00000000 00:00 0 
7f2a604b6000-7f2a605b7000 rw-p 00000000 00:00 0 
7f2a605b7000-7f2a605d2000 r-xp 00000000 103:02 4078981                   /home/liftit/.sdkman/candidates/java/11.0.6.hs-adpt/lib/libjimage.so
7f2a605d2000-7f2a607d2000 ---p 0001b000 103:02 4078981                   /home/liftit/.sdkman/candidates/java/11.0.6.hs-adpt/lib/libjimage.so
7f2a607d2000-7f2a607d4000 r--p 0001b000 103:02 4078981                   /home/liftit/.sdkman/candidates/java/11.0.6.hs-adpt/lib/libjimage.so
7f2a607d4000-7f2a607d5000 rw-p 0001d000 103:02 4078981                   /home/liftit/.sdkman/candidates/java/11.0.6.hs-adpt/lib/libjimage.so
7f2a607d5000-7f2a607dc000 r-xp 00000000 103:02 4078952                   /home/liftit/.sdkman/candidates/java/11.0.6.hs-adpt/lib/libzip.so
7f2a607dc000-7f2a609db000 ---p 00007000 103:02 4078952                   /home/liftit/.sdkman/candidates/java/11.0.6.hs-adpt/lib/libzip.so
7f2a609db000-7f2a609dc000 r--p 00006000 103:02 4078952                   /home/liftit/.sdkman/candidates/java/11.0.6.hs-adpt/lib/libzip.so
7f2a609dc000-7f2a609dd000 rw-p 00007000 103:02 4078952                   /home/liftit/.sdkman/candidates/java/11.0.6.hs-adpt/lib/libzip.so
7f2a609dd000-7f2a609e8000 r-xp 00000000 103:02 5509956                   /lib/x86_64-linux-gnu/libnss_files-2.27.so
7f2a609e8000-7f2a60be7000 ---p 0000b000 103:02 5509956                   /lib/x86_64-linux-gnu/libnss_files-2.27.so
7f2a60be7000-7f2a60be8000 r--p 0000a000 103:02 5509956                   /lib/x86_64-linux-gnu/libnss_files-2.27.so
7f2a60be8000-7f2a60be9000 rw-p 0000b000 103:02 5509956                   /lib/x86_64-linux-gnu/libnss_files-2.27.so
7f2a60be9000-7f2a60bef000 rw-p 00000000 00:00 0 
7f2a60bef000-7f2a60c06000 r-xp 00000000 103:02 5509950                   /lib/x86_64-linux-gnu/libnsl-2.27.so
7f2a60c06000-7f2a60e05000 ---p 00017000 103:02 5509950                   /lib/x86_64-linux-gnu/libnsl-2.27.so
7f2a60e05000-7f2a60e06000 r--p 00016000 103:02 5509950                   /lib/x86_64-linux-gnu/libnsl-2.27.so
7f2a60e06000-7f2a60e07000 rw-p 00017000 103:02 5509950                   /lib/x86_64-linux-gnu/libnsl-2.27.so
7f2a60e07000-7f2a60e09000 rw-p 00000000 00:00 0 
7f2a60e09000-7f2a60e14000 r-xp 00000000 103:02 5509967                   /lib/x86_64-linux-gnu/libnss_nis-2.27.so
7f2a60e14000-7f2a61013000 ---p 0000b000 103:02 5509967                   /lib/x86_64-linux-gnu/libnss_nis-2.27.so
7f2a61013000-7f2a61014000 r--p 0000a000 103:02 5509967                   /lib/x86_64-linux-gnu/libnss_nis-2.27.so
7f2a61014000-7f2a61015000 rw-p 0000b000 103:02 5509967                   /lib/x86_64-linux-gnu/libnss_nis-2.27.so
7f2a61015000-7f2a6101d000 r-xp 00000000 103:02 5509952                   /lib/x86_64-linux-gnu/libnss_compat-2.27.so
7f2a6101d000-7f2a6121d000 ---p 00008000 103:02 5509952                   /lib/x86_64-linux-gnu/libnss_compat-2.27.so
7f2a6121d000-7f2a6121e000 r--p 00008000 103:02 5509952                   /lib/x86_64-linux-gnu/libnss_compat-2.27.so
7f2a6121e000-7f2a6121f000 rw-p 00009000 103:02 5509952                   /lib/x86_64-linux-gnu/libnss_compat-2.27.so
7f2a6121f000-7f2a61249000 r-xp 00000000 103:02 4078980                   /home/liftit/.sdkman/candidates/java/11.0.6.hs-adpt/lib/libjava.so
7f2a61249000-7f2a61448000 ---p 0002a000 103:02 4078980                   /home/liftit/.sdkman/candidates/java/11.0.6.hs-adpt/lib/libjava.so
7f2a61448000-7f2a61449000 r--p 00029000 103:02 4078980                   /home/liftit/.sdkman/candidates/java/11.0.6.hs-adpt/lib/libjava.so
7f2a61449000-7f2a6144b000 rw-p 0002a000 103:02 4078980                   /home/liftit/.sdkman/candidates/java/11.0.6.hs-adpt/lib/libjava.so
7f2a6144b000-7f2a6145c000 r-xp 00000000 103:02 4078991                   /home/liftit/.sdkman/candidates/java/11.0.6.hs-adpt/lib/libverify.so
7f2a6145c000-7f2a6165b000 ---p 00011000 103:02 4078991                   /home/liftit/.sdkman/candidates/java/11.0.6.hs-adpt/lib/libverify.so
7f2a6165b000-7f2a6165d000 r--p 00010000 103:02 4078991                   /home/liftit/.sdkman/candidates/java/11.0.6.hs-adpt/lib/libverify.so
7f2a6165d000-7f2a6165e000 rw-p 00012000 103:02 4078991                   /home/liftit/.sdkman/candidates/java/11.0.6.hs-adpt/lib/libverify.so
7f2a6165e000-7f2a61665000 r-xp 00000000 103:02 5510007                   /lib/x86_64-linux-gnu/librt-2.27.so
7f2a61665000-7f2a61864000 ---p 00007000 103:02 5510007                   /lib/x86_64-linux-gnu/librt-2.27.so
7f2a61864000-7f2a61865000 r--p 00006000 103:02 5510007                   /lib/x86_64-linux-gnu/librt-2.27.so
7f2a61865000-7f2a61866000 rw-p 00007000 103:02 5510007                   /lib/x86_64-linux-gnu/librt-2.27.so
7f2a61866000-7f2a6186a000 ---p 00000000 00:00 0 
7f2a6186a000-7f2a61c67000 rw-p 00000000 00:00 0 
7f2a61c67000-7f2a61e04000 r-xp 00000000 103:02 5509929                   /lib/x86_64-linux-gnu/libm-2.27.so
7f2a61e04000-7f2a62003000 ---p 0019d000 103:02 5509929                   /lib/x86_64-linux-gnu/libm-2.27.so
7f2a62003000-7f2a62004000 r--p 0019c000 103:02 5509929                   /lib/x86_64-linux-gnu/libm-2.27.so
7f2a62004000-7f2a62005000 rw-p 0019d000 103:02 5509929                   /lib/x86_64-linux-gnu/libm-2.27.so
7f2a62005000-7f2a63149000 r-xp 00000000 103:02 5387295                   /home/liftit/.sdkman/candidates/java/11.0.6.hs-adpt/lib/server/libjvm.so
7f2a63149000-7f2a63348000 ---p 01144000 103:02 5387295                   /home/liftit/.sdkman/candidates/java/11.0.6.hs-adpt/lib/server/libjvm.so
7f2a63348000-7f2a63407000 r--p 01143000 103:02 5387295                   /home/liftit/.sdkman/candidates/java/11.0.6.hs-adpt/lib/server/libjvm.so
7f2a63407000-7f2a63441000 rw-p 01202000 103:02 5387295                   /home/liftit/.sdkman/candidates/java/11.0.6.hs-adpt/lib/server/libjvm.so
7f2a63441000-7f2a63497000 rw-p 00000000 00:00 0 
7f2a63497000-7f2a6367e000 r-xp 00000000 103:02 5509866                   /lib/x86_64-linux-gnu/libc-2.27.so
7f2a6367e000-7f2a6387e000 ---p 001e7000 103:02 5509866                   /lib/x86_64-linux-gnu/libc-2.27.so
7f2a6387e000-7f2a63882000 r--p 001e7000 103:02 5509866                   /lib/x86_64-linux-gnu/libc-2.27.so
7f2a63882000-7f2a63884000 rw-p 001eb000 103:02 5509866                   /lib/x86_64-linux-gnu/libc-2.27.so
7f2a63884000-7f2a63888000 rw-p 00000000 00:00 0 
7f2a63888000-7f2a6388b000 r-xp 00000000 103:02 5509889                   /lib/x86_64-linux-gnu/libdl-2.27.so
7f2a6388b000-7f2a63a8a000 ---p 00003000 103:02 5509889                   /lib/x86_64-linux-gnu/libdl-2.27.so
7f2a63a8a000-7f2a63a8b000 r--p 00002000 103:02 5509889                   /lib/x86_64-linux-gnu/libdl-2.27.so
7f2a63a8b000-7f2a63a8c000 rw-p 00003000 103:02 5509889                   /lib/x86_64-linux-gnu/libdl-2.27.so
7f2a63a8c000-7f2a63a9c000 r-xp 00000000 103:02 5783129                   /home/liftit/.sdkman/candidates/java/11.0.6.hs-adpt/lib/jli/libjli.so
7f2a63a9c000-7f2a63c9b000 ---p 00010000 103:02 5783129                   /home/liftit/.sdkman/candidates/java/11.0.6.hs-adpt/lib/jli/libjli.so
7f2a63c9b000-7f2a63c9c000 r--p 0000f000 103:02 5783129                   /home/liftit/.sdkman/candidates/java/11.0.6.hs-adpt/lib/jli/libjli.so
7f2a63c9c000-7f2a63c9d000 rw-p 00010000 103:02 5783129                   /home/liftit/.sdkman/candidates/java/11.0.6.hs-adpt/lib/jli/libjli.so
7f2a63c9d000-7f2a63cb7000 r-xp 00000000 103:02 5509999                   /lib/x86_64-linux-gnu/libpthread-2.27.so
7f2a63cb7000-7f2a63eb6000 ---p 0001a000 103:02 5509999                   /lib/x86_64-linux-gnu/libpthread-2.27.so
7f2a63eb6000-7f2a63eb7000 r--p 00019000 103:02 5509999                   /lib/x86_64-linux-gnu/libpthread-2.27.so
7f2a63eb7000-7f2a63eb8000 rw-p 0001a000 103:02 5509999                   /lib/x86_64-linux-gnu/libpthread-2.27.so
7f2a63eb8000-7f2a63ebc000 rw-p 00000000 00:00 0 
7f2a63ebc000-7f2a63ed8000 r-xp 00000000 103:02 5510038                   /lib/x86_64-linux-gnu/libz.so.1.2.11
7f2a63ed8000-7f2a640d7000 ---p 0001c000 103:02 5510038                   /lib/x86_64-linux-gnu/libz.so.1.2.11
7f2a640d7000-7f2a640d8000 r--p 0001b000 103:02 5510038                   /lib/x86_64-linux-gnu/libz.so.1.2.11
7f2a640d8000-7f2a640d9000 rw-p 0001c000 103:02 5510038                   /lib/x86_64-linux-gnu/libz.so.1.2.11
7f2a640d9000-7f2a64100000 r-xp 00000000 103:02 5509838                   /lib/x86_64-linux-gnu/ld-2.27.so
7f2a641a1000-7f2a641e9000 rw-p 00000000 00:00 0 
7f2a641e9000-7f2a642e4000 ---p 00000000 00:00 0 
7f2a642e4000-7f2a642e6000 rw-p 00000000 00:00 0 
7f2a642f4000-7f2a642fc000 rw-s 00000000 103:02 5649556                   /tmp/hsperfdata_liftit/21867
7f2a642fc000-7f2a642fd000 ---p 00000000 00:00 0 
7f2a642fd000-7f2a642fe000 r--p 00000000 00:00 0 
7f2a642fe000-7f2a64300000 rw-p 00000000 00:00 0 
7f2a64300000-7f2a64301000 r--p 00027000 103:02 5509838                   /lib/x86_64-linux-gnu/ld-2.27.so
7f2a64301000-7f2a64302000 rw-p 00028000 103:02 5509838                   /lib/x86_64-linux-gnu/ld-2.27.so
7f2a64302000-7f2a64303000 rw-p 00000000 00:00 0 
7fff534d6000-7fff534f8000 rw-p 00000000 00:00 0                          [stack]
7fff535e9000-7fff535ec000 r--p 00000000 00:00 0                          [vvar]
7fff535ec000-7fff535ee000 r-xp 00000000 00:00 0                          [vdso]
ffffffffff600000-ffffffffff601000 r-xp 00000000 00:00 0                  [vsyscall]


VM Arguments:
jvm_args: -Dfile.encoding=UTF-8 -Xms1024m -Xmx1024m -Xss4M -XX:ReservedCodeCacheSize=128m 
java_command: /home/liftit/.sdkman/candidates/sbt/1.3.7/bin/java9-rt-export.jar --rt-ext-dir
java_class_path (initial): /home/liftit/.sdkman/candidates/sbt/1.3.7/bin/java9-rt-export.jar
Launcher Type: SUN_STANDARD

[Global flags]
     intx CICompilerCount                          = 4                                         {product} {ergonomic}
     uint ConcGCThreads                            = 2                                         {product} {ergonomic}
     uint G1ConcRefinementThreads                  = 8                                         {product} {ergonomic}
   size_t G1HeapRegionSize                         = 1048576                                   {product} {ergonomic}
    uintx GCDrainStackTargetSize                   = 64                                        {product} {ergonomic}
   size_t InitialHeapSize                          = 1073741824                                {product} {command line}
   size_t MarkStackSize                            = 4194304                                   {product} {ergonomic}
   size_t MaxHeapSize                              = 1073741824                                {product} {command line}
   size_t MinHeapDeltaBytes                        = 1048576                                   {product} {ergonomic}
    uintx NonProfiledCodeHeapSize                  = 0                                      {pd product} {ergonomic}
    uintx ProfiledCodeHeapSize                     = 0                                      {pd product} {ergonomic}
    uintx ReservedCodeCacheSize                    = 134217728                              {pd product} {command line}
     intx ThreadStackSize                          = 4096                                   {pd product} {command line}
     bool UseCompressedClassPointers               = true                                 {lp64_product} {ergonomic}
     bool UseCompressedOops                        = true                                 {lp64_product} {ergonomic}
     bool UseG1GC                                  = true                                      {product} {ergonomic}

Logging:
Log output configuration:
 #0: stdout all=warning uptime,level,tags
 #1: stderr all=off uptime,level,tags

Environment Variables:
JAVA_HOME=/home/liftit/.sdkman/candidates/java/current
PATH=/home/liftit/.sdkman/candidates/sbt/current/bin:/home/liftit/.sdkman/candidates/java/current/bin:/home/liftit/.cargo/bin:/home/liftit/.nvm/versions/node/v12.4.0/bin:/home/liftit/.asdf/shims:/home/liftit/.asdf/bin:/home/liftit/.rvm/gems/ruby-2.6.3/bin:/home/liftit/.rvm/gems/ruby-2.6.3@global/bin:/home/liftit/.rvm/rubies/ruby-2.6.3/bin:/home/liftit/.cargo/bin:/home/liftit/.local/bin:/home/liftit/bin:/usr/local/sbin:/usr/local/bin:/usr/sbin:/usr/bin:/sbin:/bin:/usr/games:/usr/local/games:/snap/bin:/home/liftit/.dotnet/tools:/home/liftit/.rvm/bin:/home/liftit/bin/julia-1.3.0/bin:/home/liftit/go/bin:/home/liftit/.rvm/bin
USERNAME=liftit
SHELL=/bin/zsh
DISPLAY=:0

Signal Handlers:
SIGSEGV: [libjvm.so+0xe334d0], sa_mask[0]=11111111011111111101111111111110, sa_flags=SA_RESTART|SA_SIGINFO
SIGBUS: [libjvm.so+0xe334d0], sa_mask[0]=11111111011111111101111111111110, sa_flags=SA_RESTART|SA_SIGINFO
SIGFPE: [libjvm.so+0xe334d0], sa_mask[0]=11111111011111111101111111111110, sa_flags=SA_RESTART|SA_SIGINFO
SIGPIPE: [libjvm.so+0xc061e0], sa_mask[0]=11111111011111111101111111111110, sa_flags=SA_RESTART|SA_SIGINFO
SIGXFSZ: [libjvm.so+0xc061e0], sa_mask[0]=11111111011111111101111111111110, sa_flags=SA_RESTART|SA_SIGINFO
SIGILL: [libjvm.so+0xe334d0], sa_mask[0]=11111111011111111101111111111110, sa_flags=SA_RESTART|SA_SIGINFO
SIGUSR2: [libjvm.so+0xc06080], sa_mask[0]=00000000000000000000000000000000, sa_flags=SA_RESTART|SA_SIGINFO
SIGHUP: SIG_DFL, sa_mask[0]=00000000000000000000000000000000, sa_flags=none
SIGINT: SIG_DFL, sa_mask[0]=00000000000000000000000000000000, sa_flags=none
SIGTERM: SIG_DFL, sa_mask[0]=00000000000000000000000000000000, sa_flags=none
SIGQUIT: SIG_DFL, sa_mask[0]=00000000000000000000000000000000, sa_flags=none


---------------  S Y S T E M  ---------------

OS:DISTRIB_ID=Ubuntu
DISTRIB_RELEASE=18.04
DISTRIB_CODENAME=bionic
DISTRIB_DESCRIPTION="Ubuntu 18.04.3 LTS"
uname:Linux 4.15.0-74-generic #84-Ubuntu SMP Thu Dec 19 08:06:28 UTC 2019 x86_64
libc:glibc 2.27 NPTL 2.27 
rlimit: STACK 8192k, CORE 0k, NPROC 30553, NOFILE 4096, AS infinity, DATA infinity, FSIZE infinity
load average:1.05 1.26 1.20

/proc/meminfo:
MemTotal:        7924244 kB
MemFree:          122500 kB
MemAvailable:     538340 kB
Buffers:           36040 kB
Cached:          1220388 kB
SwapCached:        94552 kB
Active:          5763088 kB
Inactive:        1387232 kB
Active(anon):    5443704 kB
Inactive(anon):  1119980 kB
Active(file):     319384 kB
Inactive(file):   267252 kB
Unevictable:         128 kB
Mlocked:             128 kB
SwapTotal:       2097148 kB
SwapFree:         201364 kB
Dirty:              1204 kB
Writeback:             0 kB
AnonPages:       5801820 kB
Mapped:           808860 kB
Shmem:            708148 kB
Slab:             275344 kB
SReclaimable:     103476 kB
SUnreclaim:       171868 kB
KernelStack:       28176 kB
PageTables:       134476 kB
NFS_Unstable:          0 kB
Bounce:                0 kB
WritebackTmp:          0 kB
CommitLimit:     6059268 kB
Committed_AS:   23496032 kB
VmallocTotal:   34359738367 kB
VmallocUsed:           0 kB
VmallocChunk:          0 kB
HardwareCorrupted:     0 kB
AnonHugePages:         0 kB
ShmemHugePages:        0 kB
ShmemPmdMapped:        0 kB
CmaTotal:              0 kB
CmaFree:               0 kB
HugePages_Total:       0
HugePages_Free:        0
HugePages_Rsvd:        0
HugePages_Surp:        0
Hugepagesize:       2048 kB
DirectMap4k:      691204 kB
DirectMap2M:     7452672 kB
DirectMap1G:     1048576 kB


/proc/sys/kernel/threads-max (system-wide limit on the number of threads):
61107


/proc/sys/vm/max_map_count (maximum number of memory map areas a process may have):
65530


/proc/sys/kernel/pid_max (system-wide limit on number of process identifiers):
32768



container (cgroup) information:
container_type: cgroupv1
cpu_cpuset_cpus: 0-7
cpu_memory_nodes: 0
active_processor_count: 8
cpu_quota: -1
cpu_period: 100000
cpu_shares: -1
memory_limit_in_bytes: -1
memory_and_swap_limit_in_bytes: -2
memory_soft_limit_in_bytes: -1
memory_usage_in_bytes: 7480287232
memory_max_usage_in_bytes: 7599046656

Steal ticks since vm start: 0
Steal ticks percentage since vm start:  0.000

CPU:total 8 (initial active 8) (4 cores per cpu, 2 threads per core) family 6 model 142 stepping 10, cmov, cx8, fxsr, mmx, sse, sse2, sse3, ssse3, sse4.1, sse4.2, popcnt, avx, avx2, aes, clmul, erms, 3dnowpref, lzcnt, ht, tsc, tscinvbit, bmi1, bmi2, adx, fma
CPU Model and flags from /proc/cpuinfo:
model name	: Intel(R) Core(TM) i7-8550U CPU @ 1.80GHz
flags		: fpu vme de pse tsc msr pae mce cx8 apic sep mtrr pge mca cmov pat pse36 clflush dts acpi mmx fxsr sse sse2 ss ht tm pbe syscall nx pdpe1gb rdtscp lm constant_tsc art arch_perfmon pebs bts rep_good nopl xtopology nonstop_tsc cpuid aperfmperf tsc_known_freq pni pclmulqdq dtes64 monitor ds_cpl vmx est tm2 ssse3 sdbg fma cx16 xtpr pdcm pcid sse4_1 sse4_2 x2apic movbe popcnt tsc_deadline_timer aes xsave avx f16c rdrand lahf_lm abm 3dnowprefetch cpuid_fault epb invpcid_single pti ssbd ibrs ibpb stibp tpr_shadow vnmi flexpriority ept vpid fsgsbase tsc_adjust bmi1 avx2 smep bmi2 erms invpcid mpx rdseed adx smap clflushopt intel_pt xsaveopt xsavec xgetbv1 xsaves dtherm ida arat pln pts hwp hwp_notify hwp_act_window hwp_epp md_clear flush_l1d

Memory: 4k page, physical 7924244k(122500k free), swap 2097148k(201364k free)

vm_info: OpenJDK 64-Bit Server VM (11.0.6+10) for linux-amd64 JRE (11.0.6+10), built on Jan 15 2020 12:10:43 by "jenkins" with gcc 7.3.1 20180303 (Red Hat 7.3.1-5)

END.
