#
# There is insufficient memory for the Java Runtime Environment to continue.
# Native memory allocation (mmap) failed to map 1073741824 bytes for committing reserved memory.
# Possible reasons:
#   The system is out of physical RAM or swap space
#   The process is running with CompressedOops enabled, and the Java Heap may be blocking the growth of the native heap
# Possible solutions:
#   Reduce memory load on the system
#   Increase physical memory or swap space
#   Check if swap backing store is full
#   Decrease Java heap size (-Xmx/-Xms)
#   Decrease number of Java threads
#   Decrease Java thread stack sizes (-Xss)
#   Set larger code cache with -XX:ReservedCodeCacheSize=
# This output file may be truncated or incomplete.
#
#  Out of Memory Error (os_linux.cpp:2843), pid=22076, tid=22077
#
# JRE version:  (11.0.6+10) (build )
# Java VM: OpenJDK 64-Bit Server VM (11.0.6+10, mixed mode, sharing, tiered, compressed oops, g1 gc, linux-amd64)
# Core dump will be written. Default location: Core dumps may be processed with "/usr/share/apport/apport %p %s %c %d %P" (or dumping to /home/liftit/code/sc/scalademos/core.22076)
#

---------------  S U M M A R Y ------------

Command Line: -Dfile.encoding=UTF-8 -Xms1024m -Xmx1024m -Xss4M -XX:ReservedCodeCacheSize=128m /home/liftit/.sdkman/candidates/sbt/1.3.7/bin/java9-rt-export.jar /rt.jar

Host: Intel(R) Core(TM) i7-8550U CPU @ 1.80GHz, 8 cores, 7G, Ubuntu 18.04.3 LTS
Time: Tue Jan 28 14:10:24 2020 -05 elapsed time: 0 seconds (0d 0h 0m 0s)

---------------  T H R E A D  ---------------

Current thread (0x00007fc8a4014800):  JavaThread "Unknown thread" [_thread_in_vm, id=22077, stack(0x00007fc8a910a000,0x00007fc8a950b000)]

Stack: [0x00007fc8a910a000,0x00007fc8a950b000],  sp=0x00007fc8a95091e0,  free space=4092k
Native frames: (J=compiled Java code, A=aot compiled Java code, j=interpreted, Vv=VM code, C=native code)
V  [libjvm.so+0xe31a38]  VMError::report_and_die(int, char const*, char const*, __va_list_tag*, Thread*, unsigned char*, void*, void*, char const*, int, unsigned long)+0x348
V  [libjvm.so+0xe326fb]  VMError::report_and_die(Thread*, char const*, int, unsigned long, VMErrorType, char const*, __va_list_tag*)+0x2b
V  [libjvm.so+0x68ddb5]  report_vm_out_of_memory(char const*, int, unsigned long, VMErrorType, char const*, ...)+0xd5
V  [libjvm.so+0xc0a438]  os::pd_commit_memory_or_exit(char*, unsigned long, unsigned long, bool, char const*)+0x108
V  [libjvm.so+0xc0206d]  os::commit_memory_or_exit(char*, unsigned long, unsigned long, bool, char const*)+0x1d
V  [libjvm.so+0x7ab86c]  G1PageBasedVirtualSpace::commit_preferred_pages(unsigned long, unsigned long)+0x6c
V  [libjvm.so+0x7abb0e]  G1PageBasedVirtualSpace::commit(unsigned long, unsigned long)+0x5e
V  [libjvm.so+0x7b7b80]  G1RegionsLargerThanCommitSizeMapper::commit_regions(unsigned int, unsigned long, WorkGang*)+0x40
V  [libjvm.so+0x833b19]  HeapRegionManager::commit_regions(unsigned int, unsigned long, WorkGang*)+0x89
V  [libjvm.so+0x834772]  HeapRegionManager::make_regions_available(unsigned int, unsigned int, WorkGang*)+0x42
V  [libjvm.so+0x834bd9]  HeapRegionManager::expand_at(unsigned int, unsigned int, WorkGang*) [clone .part.22]+0x119
V  [libjvm.so+0x76992f]  G1CollectedHeap::expand(unsigned long, WorkGang*, double*)+0xdf
V  [libjvm.so+0x76a01d]  G1CollectedHeap::initialize()+0x66d
V  [libjvm.so+0xdec401]  Universe::initialize_heap()+0x41
V  [libjvm.so+0xdec6c6]  universe_init()+0x46
V  [libjvm.so+0x854e27]  init_globals()+0x57
V  [libjvm.so+0xdc4437]  Threads::create_vm(JavaVMInitArgs*, bool*)+0x357
V  [libjvm.so+0x911902]  JNI_CreateJavaVM+0x52
C  [libjli.so+0x4ac6]  JavaMain+0x86


---------------  P R O C E S S  ---------------

Threads class SMR info:
_java_thread_list=0x00000000012d4d40, length=0, elements={
}

Java Threads: ( => current thread )

Other Threads:
  0x00007fc8a403e800 GCTaskThread "GC Thread#0" [stack: 0x00007fc8935f2000,0x00007fc8936f2000] [id=22078]
  0x00007fc8a405a800 ConcurrentGCThread "G1 Main Marker" [stack: 0x00007fc8906e8000,0x00007fc8907e8000] [id=22079]
  0x00007fc8a405c800 ConcurrentGCThread "G1 Conc#0" [stack: 0x00007fc8905e6000,0x00007fc8906e6000] [id=22080]

[error occurred during error reporting (printing all threads), id 0xb, SIGSEGV (0xb) at pc=0x00007fc8aa02bb70]

VM state:not at safepoint (not fully initialized)

VM Mutex/Monitor currently owned by a thread:  ([mutex/lock_event])
[0x00007fc8a40110d0] Heap_lock - owner thread: 0x00007fc8a4014800

Heap address: 0x00000000c0000000, size: 1024 MB, Compressed Oops mode: Non-zero based: 0x00000000c0000000
Narrow klass base: 0x0000000000000000, Narrow klass shift: 0

GC Heap History (0 events):
No events

Deoptimization events (0 events):
No events

Classes redefined (0 events):
No events

Internal exceptions (0 events):
No events

Events (3 events):
Event: 0.002 Protecting memory [0x00007fc8a910a000,0x00007fc8a910e000] with protection modes 0
Event: 0.002 Loaded shared library /home/liftit/.sdkman/candidates/java/11.0.6.hs-adpt/lib/libzip.so
Event: 0.002 Loaded shared library /home/liftit/.sdkman/candidates/java/11.0.6.hs-adpt/lib/libjimage.so


Dynamic libraries:
00400000-00401000 r-xp 00000000 103:02 4079007                           /home/liftit/.sdkman/candidates/java/11.0.6.hs-adpt/bin/java
00600000-00601000 r--p 00000000 103:02 4079007                           /home/liftit/.sdkman/candidates/java/11.0.6.hs-adpt/bin/java
00601000-00602000 rw-p 00001000 103:02 4079007                           /home/liftit/.sdkman/candidates/java/11.0.6.hs-adpt/bin/java
012d1000-012f2000 rw-p 00000000 00:00 0                                  [heap]
7fc881974000-7fc884000000 rw-p 00000000 00:00 0 
7fc884000000-7fc884021000 rw-p 00000000 00:00 0 
7fc884021000-7fc888000000 ---p 00000000 00:00 0 
7fc888000000-7fc888021000 rw-p 00000000 00:00 0 
7fc888021000-7fc88c000000 ---p 00000000 00:00 0 
7fc88c000000-7fc88c021000 rw-p 00000000 00:00 0 
7fc88c021000-7fc890000000 ---p 00000000 00:00 0 
7fc8900df000-7fc8905e4000 rw-p 00000000 00:00 0 
7fc8905e4000-7fc8905e5000 ---p 00000000 00:00 0 
7fc8905e5000-7fc8906e6000 rw-p 00000000 00:00 0 
7fc8906e6000-7fc8906e7000 ---p 00000000 00:00 0 
7fc8906e7000-7fc8907e8000 rw-p 00000000 00:00 0 
7fc8907e8000-7fc892de8000 ---p 00000000 00:00 0 
7fc892de8000-7fc8935f0000 rw-p 00000000 00:00 0 
7fc8935f0000-7fc8935f1000 ---p 00000000 00:00 0 
7fc8935f1000-7fc8936f2000 rw-p 00000000 00:00 0 
7fc8936f2000-7fc893962000 rwxp 00000000 00:00 0 
7fc893962000-7fc89b6f2000 ---p 00000000 00:00 0 
7fc89b6f2000-7fc8a3de2000 r--s 00000000 103:02 4078956                   /home/liftit/.sdkman/candidates/java/11.0.6.hs-adpt/lib/modules
7fc8a3de2000-7fc8a3dfd000 r-xp 00000000 103:02 4078981                   /home/liftit/.sdkman/candidates/java/11.0.6.hs-adpt/lib/libjimage.so
7fc8a3dfd000-7fc8a3ffd000 ---p 0001b000 103:02 4078981                   /home/liftit/.sdkman/candidates/java/11.0.6.hs-adpt/lib/libjimage.so
7fc8a3ffd000-7fc8a3fff000 r--p 0001b000 103:02 4078981                   /home/liftit/.sdkman/candidates/java/11.0.6.hs-adpt/lib/libjimage.so
7fc8a3fff000-7fc8a4000000 rw-p 0001d000 103:02 4078981                   /home/liftit/.sdkman/candidates/java/11.0.6.hs-adpt/lib/libjimage.so
7fc8a4000000-7fc8a408b000 rw-p 00000000 00:00 0 
7fc8a408b000-7fc8a8000000 ---p 00000000 00:00 0 
7fc8a8079000-7fc8a8080000 r-xp 00000000 103:02 4078952                   /home/liftit/.sdkman/candidates/java/11.0.6.hs-adpt/lib/libzip.so
7fc8a8080000-7fc8a827f000 ---p 00007000 103:02 4078952                   /home/liftit/.sdkman/candidates/java/11.0.6.hs-adpt/lib/libzip.so
7fc8a827f000-7fc8a8280000 r--p 00006000 103:02 4078952                   /home/liftit/.sdkman/candidates/java/11.0.6.hs-adpt/lib/libzip.so
7fc8a8280000-7fc8a8281000 rw-p 00007000 103:02 4078952                   /home/liftit/.sdkman/candidates/java/11.0.6.hs-adpt/lib/libzip.so
7fc8a8281000-7fc8a828c000 r-xp 00000000 103:02 5509956                   /lib/x86_64-linux-gnu/libnss_files-2.27.so
7fc8a828c000-7fc8a848b000 ---p 0000b000 103:02 5509956                   /lib/x86_64-linux-gnu/libnss_files-2.27.so
7fc8a848b000-7fc8a848c000 r--p 0000a000 103:02 5509956                   /lib/x86_64-linux-gnu/libnss_files-2.27.so
7fc8a848c000-7fc8a848d000 rw-p 0000b000 103:02 5509956                   /lib/x86_64-linux-gnu/libnss_files-2.27.so
7fc8a848d000-7fc8a8493000 rw-p 00000000 00:00 0 
7fc8a8493000-7fc8a84aa000 r-xp 00000000 103:02 5509950                   /lib/x86_64-linux-gnu/libnsl-2.27.so
7fc8a84aa000-7fc8a86a9000 ---p 00017000 103:02 5509950                   /lib/x86_64-linux-gnu/libnsl-2.27.so
7fc8a86a9000-7fc8a86aa000 r--p 00016000 103:02 5509950                   /lib/x86_64-linux-gnu/libnsl-2.27.so
7fc8a86aa000-7fc8a86ab000 rw-p 00017000 103:02 5509950                   /lib/x86_64-linux-gnu/libnsl-2.27.so
7fc8a86ab000-7fc8a86ad000 rw-p 00000000 00:00 0 
7fc8a86ad000-7fc8a86b8000 r-xp 00000000 103:02 5509967                   /lib/x86_64-linux-gnu/libnss_nis-2.27.so
7fc8a86b8000-7fc8a88b7000 ---p 0000b000 103:02 5509967                   /lib/x86_64-linux-gnu/libnss_nis-2.27.so
7fc8a88b7000-7fc8a88b8000 r--p 0000a000 103:02 5509967                   /lib/x86_64-linux-gnu/libnss_nis-2.27.so
7fc8a88b8000-7fc8a88b9000 rw-p 0000b000 103:02 5509967                   /lib/x86_64-linux-gnu/libnss_nis-2.27.so
7fc8a88b9000-7fc8a88c1000 r-xp 00000000 103:02 5509952                   /lib/x86_64-linux-gnu/libnss_compat-2.27.so
7fc8a88c1000-7fc8a8ac1000 ---p 00008000 103:02 5509952                   /lib/x86_64-linux-gnu/libnss_compat-2.27.so
7fc8a8ac1000-7fc8a8ac2000 r--p 00008000 103:02 5509952                   /lib/x86_64-linux-gnu/libnss_compat-2.27.so
7fc8a8ac2000-7fc8a8ac3000 rw-p 00009000 103:02 5509952                   /lib/x86_64-linux-gnu/libnss_compat-2.27.so
7fc8a8ac3000-7fc8a8aed000 r-xp 00000000 103:02 4078980                   /home/liftit/.sdkman/candidates/java/11.0.6.hs-adpt/lib/libjava.so
7fc8a8aed000-7fc8a8cec000 ---p 0002a000 103:02 4078980                   /home/liftit/.sdkman/candidates/java/11.0.6.hs-adpt/lib/libjava.so
7fc8a8cec000-7fc8a8ced000 r--p 00029000 103:02 4078980                   /home/liftit/.sdkman/candidates/java/11.0.6.hs-adpt/lib/libjava.so
7fc8a8ced000-7fc8a8cef000 rw-p 0002a000 103:02 4078980                   /home/liftit/.sdkman/candidates/java/11.0.6.hs-adpt/lib/libjava.so
7fc8a8cef000-7fc8a8d00000 r-xp 00000000 103:02 4078991                   /home/liftit/.sdkman/candidates/java/11.0.6.hs-adpt/lib/libverify.so
7fc8a8d00000-7fc8a8eff000 ---p 00011000 103:02 4078991                   /home/liftit/.sdkman/candidates/java/11.0.6.hs-adpt/lib/libverify.so
7fc8a8eff000-7fc8a8f01000 r--p 00010000 103:02 4078991                   /home/liftit/.sdkman/candidates/java/11.0.6.hs-adpt/lib/libverify.so
7fc8a8f01000-7fc8a8f02000 rw-p 00012000 103:02 4078991                   /home/liftit/.sdkman/candidates/java/11.0.6.hs-adpt/lib/libverify.so
7fc8a8f02000-7fc8a8f09000 r-xp 00000000 103:02 5510007                   /lib/x86_64-linux-gnu/librt-2.27.so
7fc8a8f09000-7fc8a9108000 ---p 00007000 103:02 5510007                   /lib/x86_64-linux-gnu/librt-2.27.so
7fc8a9108000-7fc8a9109000 r--p 00006000 103:02 5510007                   /lib/x86_64-linux-gnu/librt-2.27.so
7fc8a9109000-7fc8a910a000 rw-p 00007000 103:02 5510007                   /lib/x86_64-linux-gnu/librt-2.27.so
7fc8a910a000-7fc8a910e000 ---p 00000000 00:00 0 
7fc8a910e000-7fc8a950b000 rw-p 00000000 00:00 0 
7fc8a950b000-7fc8a96a8000 r-xp 00000000 103:02 5509929                   /lib/x86_64-linux-gnu/libm-2.27.so
7fc8a96a8000-7fc8a98a7000 ---p 0019d000 103:02 5509929                   /lib/x86_64-linux-gnu/libm-2.27.so
7fc8a98a7000-7fc8a98a8000 r--p 0019c000 103:02 5509929                   /lib/x86_64-linux-gnu/libm-2.27.so
7fc8a98a8000-7fc8a98a9000 rw-p 0019d000 103:02 5509929                   /lib/x86_64-linux-gnu/libm-2.27.so
7fc8a98a9000-7fc8aa9ed000 r-xp 00000000 103:02 5387295                   /home/liftit/.sdkman/candidates/java/11.0.6.hs-adpt/lib/server/libjvm.so
7fc8aa9ed000-7fc8aabec000 ---p 01144000 103:02 5387295                   /home/liftit/.sdkman/candidates/java/11.0.6.hs-adpt/lib/server/libjvm.so
7fc8aabec000-7fc8aacab000 r--p 01143000 103:02 5387295                   /home/liftit/.sdkman/candidates/java/11.0.6.hs-adpt/lib/server/libjvm.so
7fc8aacab000-7fc8aace5000 rw-p 01202000 103:02 5387295                   /home/liftit/.sdkman/candidates/java/11.0.6.hs-adpt/lib/server/libjvm.so
7fc8aace5000-7fc8aad3b000 rw-p 00000000 00:00 0 
7fc8aad3b000-7fc8aaf22000 r-xp 00000000 103:02 5509866                   /lib/x86_64-linux-gnu/libc-2.27.so
7fc8aaf22000-7fc8ab122000 ---p 001e7000 103:02 5509866                   /lib/x86_64-linux-gnu/libc-2.27.so
7fc8ab122000-7fc8ab126000 r--p 001e7000 103:02 5509866                   /lib/x86_64-linux-gnu/libc-2.27.so
7fc8ab126000-7fc8ab128000 rw-p 001eb000 103:02 5509866                   /lib/x86_64-linux-gnu/libc-2.27.so
7fc8ab128000-7fc8ab12c000 rw-p 00000000 00:00 0 
7fc8ab12c000-7fc8ab12f000 r-xp 00000000 103:02 5509889                   /lib/x86_64-linux-gnu/libdl-2.27.so
7fc8ab12f000-7fc8ab32e000 ---p 00003000 103:02 5509889                   /lib/x86_64-linux-gnu/libdl-2.27.so
7fc8ab32e000-7fc8ab32f000 r--p 00002000 103:02 5509889                   /lib/x86_64-linux-gnu/libdl-2.27.so
7fc8ab32f000-7fc8ab330000 rw-p 00003000 103:02 5509889                   /lib/x86_64-linux-gnu/libdl-2.27.so
7fc8ab330000-7fc8ab340000 r-xp 00000000 103:02 5783129                   /home/liftit/.sdkman/candidates/java/11.0.6.hs-adpt/lib/jli/libjli.so
7fc8ab340000-7fc8ab53f000 ---p 00010000 103:02 5783129                   /home/liftit/.sdkman/candidates/java/11.0.6.hs-adpt/lib/jli/libjli.so
7fc8ab53f000-7fc8ab540000 r--p 0000f000 103:02 5783129                   /home/liftit/.sdkman/candidates/java/11.0.6.hs-adpt/lib/jli/libjli.so
7fc8ab540000-7fc8ab541000 rw-p 00010000 103:02 5783129                   /home/liftit/.sdkman/candidates/java/11.0.6.hs-adpt/lib/jli/libjli.so
7fc8ab541000-7fc8ab55b000 r-xp 00000000 103:02 5509999                   /lib/x86_64-linux-gnu/libpthread-2.27.so
7fc8ab55b000-7fc8ab75a000 ---p 0001a000 103:02 5509999                   /lib/x86_64-linux-gnu/libpthread-2.27.so
7fc8ab75a000-7fc8ab75b000 r--p 00019000 103:02 5509999                   /lib/x86_64-linux-gnu/libpthread-2.27.so
7fc8ab75b000-7fc8ab75c000 rw-p 0001a000 103:02 5509999                   /lib/x86_64-linux-gnu/libpthread-2.27.so
7fc8ab75c000-7fc8ab760000 rw-p 00000000 00:00 0 
7fc8ab760000-7fc8ab77c000 r-xp 00000000 103:02 5510038                   /lib/x86_64-linux-gnu/libz.so.1.2.11
7fc8ab77c000-7fc8ab97b000 ---p 0001c000 103:02 5510038                   /lib/x86_64-linux-gnu/libz.so.1.2.11
7fc8ab97b000-7fc8ab97c000 r--p 0001b000 103:02 5510038                   /lib/x86_64-linux-gnu/libz.so.1.2.11
7fc8ab97c000-7fc8ab97d000 rw-p 0001c000 103:02 5510038                   /lib/x86_64-linux-gnu/libz.so.1.2.11
7fc8ab97d000-7fc8ab9a4000 r-xp 00000000 103:02 5509838                   /lib/x86_64-linux-gnu/ld-2.27.so
7fc8aba45000-7fc8aba8d000 rw-p 00000000 00:00 0 
7fc8aba8d000-7fc8abb88000 ---p 00000000 00:00 0 
7fc8abb88000-7fc8abb8a000 rw-p 00000000 00:00 0 
7fc8abb98000-7fc8abba0000 rw-s 00000000 103:02 5649556                   /tmp/hsperfdata_liftit/22076
7fc8abba0000-7fc8abba1000 ---p 00000000 00:00 0 
7fc8abba1000-7fc8abba2000 r--p 00000000 00:00 0 
7fc8abba2000-7fc8abba4000 rw-p 00000000 00:00 0 
7fc8abba4000-7fc8abba5000 r--p 00027000 103:02 5509838                   /lib/x86_64-linux-gnu/ld-2.27.so
7fc8abba5000-7fc8abba6000 rw-p 00028000 103:02 5509838                   /lib/x86_64-linux-gnu/ld-2.27.so
7fc8abba6000-7fc8abba7000 rw-p 00000000 00:00 0 
7ffd8a177000-7ffd8a199000 rw-p 00000000 00:00 0                          [stack]
7ffd8a1e5000-7ffd8a1e8000 r--p 00000000 00:00 0                          [vvar]
7ffd8a1e8000-7ffd8a1ea000 r-xp 00000000 00:00 0                          [vdso]
ffffffffff600000-ffffffffff601000 r-xp 00000000 00:00 0                  [vsyscall]


VM Arguments:
jvm_args: -Dfile.encoding=UTF-8 -Xms1024m -Xmx1024m -Xss4M -XX:ReservedCodeCacheSize=128m 
java_command: /home/liftit/.sdkman/candidates/sbt/1.3.7/bin/java9-rt-export.jar /rt.jar
java_class_path (initial): /home/liftit/.sdkman/candidates/sbt/1.3.7/bin/java9-rt-export.jar
Launcher Type: SUN_STANDARD

[Global flags]
     intx CICompilerCount                          = 4                                         {product} {ergonomic}
     uint ConcGCThreads                            = 2                                         {product} {ergonomic}
     uint G1ConcRefinementThreads                  = 8                                         {product} {ergonomic}
   size_t G1HeapRegionSize                         = 1048576                                   {product} {ergonomic}
    uintx GCDrainStackTargetSize                   = 64                                        {product} {ergonomic}
   size_t InitialHeapSize                          = 1073741824                                {product} {command line}
   size_t MarkStackSize                            = 4194304                                   {product} {ergonomic}
   size_t MaxHeapSize                              = 1073741824                                {product} {command line}
   size_t MinHeapDeltaBytes                        = 1048576                                   {product} {ergonomic}
    uintx NonProfiledCodeHeapSize                  = 0                                      {pd product} {ergonomic}
    uintx ProfiledCodeHeapSize                     = 0                                      {pd product} {ergonomic}
    uintx ReservedCodeCacheSize                    = 134217728                              {pd product} {command line}
     intx ThreadStackSize                          = 4096                                   {pd product} {command line}
     bool UseCompressedClassPointers               = true                                 {lp64_product} {ergonomic}
     bool UseCompressedOops                        = true                                 {lp64_product} {ergonomic}
     bool UseG1GC                                  = true                                      {product} {ergonomic}

Logging:
Log output configuration:
 #0: stdout all=warning uptime,level,tags
 #1: stderr all=off uptime,level,tags

Environment Variables:
JAVA_HOME=/home/liftit/.sdkman/candidates/java/current
PATH=/home/liftit/.sdkman/candidates/sbt/current/bin:/home/liftit/.sdkman/candidates/java/current/bin:/home/liftit/.cargo/bin:/home/liftit/.nvm/versions/node/v12.4.0/bin:/home/liftit/.asdf/shims:/home/liftit/.asdf/bin:/home/liftit/.rvm/gems/ruby-2.6.3/bin:/home/liftit/.rvm/gems/ruby-2.6.3@global/bin:/home/liftit/.rvm/rubies/ruby-2.6.3/bin:/home/liftit/.cargo/bin:/home/liftit/.local/bin:/home/liftit/bin:/usr/local/sbin:/usr/local/bin:/usr/sbin:/usr/bin:/sbin:/bin:/usr/games:/usr/local/games:/snap/bin:/home/liftit/.dotnet/tools:/home/liftit/.rvm/bin:/home/liftit/bin/julia-1.3.0/bin:/home/liftit/go/bin:/home/liftit/.rvm/bin
USERNAME=liftit
SHELL=/bin/zsh
DISPLAY=:0

Signal Handlers:
SIGSEGV: [libjvm.so+0xe334d0], sa_mask[0]=11111111011111111101111111111110, sa_flags=SA_RESTART|SA_SIGINFO
SIGBUS: [libjvm.so+0xe334d0], sa_mask[0]=11111111011111111101111111111110, sa_flags=SA_RESTART|SA_SIGINFO
SIGFPE: [libjvm.so+0xe334d0], sa_mask[0]=11111111011111111101111111111110, sa_flags=SA_RESTART|SA_SIGINFO
SIGPIPE: [libjvm.so+0xc061e0], sa_mask[0]=11111111011111111101111111111110, sa_flags=SA_RESTART|SA_SIGINFO
SIGXFSZ: [libjvm.so+0xc061e0], sa_mask[0]=11111111011111111101111111111110, sa_flags=SA_RESTART|SA_SIGINFO
SIGILL: [libjvm.so+0xe334d0], sa_mask[0]=11111111011111111101111111111110, sa_flags=SA_RESTART|SA_SIGINFO
SIGUSR2: [libjvm.so+0xc06080], sa_mask[0]=00000000000000000000000000000000, sa_flags=SA_RESTART|SA_SIGINFO
SIGHUP: SIG_DFL, sa_mask[0]=00000000000000000000000000000000, sa_flags=none
SIGINT: SIG_DFL, sa_mask[0]=00000000000000000000000000000000, sa_flags=none
SIGTERM: SIG_DFL, sa_mask[0]=00000000000000000000000000000000, sa_flags=none
SIGQUIT: SIG_DFL, sa_mask[0]=00000000000000000000000000000000, sa_flags=none


---------------  S Y S T E M  ---------------

OS:DISTRIB_ID=Ubuntu
DISTRIB_RELEASE=18.04
DISTRIB_CODENAME=bionic
DISTRIB_DESCRIPTION="Ubuntu 18.04.3 LTS"
uname:Linux 4.15.0-74-generic #84-Ubuntu SMP Thu Dec 19 08:06:28 UTC 2019 x86_64
libc:glibc 2.27 NPTL 2.27 
rlimit: STACK 8192k, CORE 0k, NPROC 30553, NOFILE 4096, AS infinity, DATA infinity, FSIZE infinity
load average:1.51 1.38 1.24

/proc/meminfo:
MemTotal:        7924244 kB
MemFree:          139304 kB
MemAvailable:     479084 kB
Buffers:           39812 kB
Cached:          1136264 kB
SwapCached:       110952 kB
Active:          5979152 kB
Inactive:        1152248 kB
Active(anon):    5718292 kB
Inactive(anon):   901900 kB
Active(file):     260860 kB
Inactive(file):   250348 kB
Unevictable:         128 kB
Mlocked:             128 kB
SwapTotal:       2097148 kB
SwapFree:         124056 kB
Dirty:             19080 kB
Writeback:             0 kB
AnonPages:       5845932 kB
Mapped:           743572 kB
Shmem:            693696 kB
Slab:             274204 kB
SReclaimable:     102216 kB
SUnreclaim:       171988 kB
KernelStack:       28420 kB
PageTables:       135792 kB
NFS_Unstable:          0 kB
Bounce:                0 kB
WritebackTmp:          0 kB
CommitLimit:     6059268 kB
Committed_AS:   23495164 kB
VmallocTotal:   34359738367 kB
VmallocUsed:           0 kB
VmallocChunk:          0 kB
HardwareCorrupted:     0 kB
AnonHugePages:         0 kB
ShmemHugePages:        0 kB
ShmemPmdMapped:        0 kB
CmaTotal:              0 kB
CmaFree:               0 kB
HugePages_Total:       0
HugePages_Free:        0
HugePages_Rsvd:        0
HugePages_Surp:        0
Hugepagesize:       2048 kB
DirectMap4k:      691204 kB
DirectMap2M:     7452672 kB
DirectMap1G:     1048576 kB


/proc/sys/kernel/threads-max (system-wide limit on the number of threads):
61107


/proc/sys/vm/max_map_count (maximum number of memory map areas a process may have):
65530


/proc/sys/kernel/pid_max (system-wide limit on number of process identifiers):
32768



container (cgroup) information:
container_type: cgroupv1
cpu_cpuset_cpus: 0-7
cpu_memory_nodes: 0
active_processor_count: 8
cpu_quota: -1
cpu_period: 100000
cpu_shares: -1
memory_limit_in_bytes: -1
memory_and_swap_limit_in_bytes: -2
memory_soft_limit_in_bytes: -1
memory_usage_in_bytes: 7464439808
memory_max_usage_in_bytes: 7599046656

Steal ticks since vm start: 0
Steal ticks percentage since vm start:  0.000

CPU:total 8 (initial active 8) (4 cores per cpu, 2 threads per core) family 6 model 142 stepping 10, cmov, cx8, fxsr, mmx, sse, sse2, sse3, ssse3, sse4.1, sse4.2, popcnt, avx, avx2, aes, clmul, erms, 3dnowpref, lzcnt, ht, tsc, tscinvbit, bmi1, bmi2, adx, fma
CPU Model and flags from /proc/cpuinfo:
model name	: Intel(R) Core(TM) i7-8550U CPU @ 1.80GHz
flags		: fpu vme de pse tsc msr pae mce cx8 apic sep mtrr pge mca cmov pat pse36 clflush dts acpi mmx fxsr sse sse2 ss ht tm pbe syscall nx pdpe1gb rdtscp lm constant_tsc art arch_perfmon pebs bts rep_good nopl xtopology nonstop_tsc cpuid aperfmperf tsc_known_freq pni pclmulqdq dtes64 monitor ds_cpl vmx est tm2 ssse3 sdbg fma cx16 xtpr pdcm pcid sse4_1 sse4_2 x2apic movbe popcnt tsc_deadline_timer aes xsave avx f16c rdrand lahf_lm abm 3dnowprefetch cpuid_fault epb invpcid_single pti ssbd ibrs ibpb stibp tpr_shadow vnmi flexpriority ept vpid fsgsbase tsc_adjust bmi1 avx2 smep bmi2 erms invpcid mpx rdseed adx smap clflushopt intel_pt xsaveopt xsavec xgetbv1 xsaves dtherm ida arat pln pts hwp hwp_notify hwp_act_window hwp_epp md_clear flush_l1d

Memory: 4k page, physical 7924244k(139304k free), swap 2097148k(124056k free)

vm_info: OpenJDK 64-Bit Server VM (11.0.6+10) for linux-amd64 JRE (11.0.6+10), built on Jan 15 2020 12:10:43 by "jenkins" with gcc 7.3.1 20180303 (Red Hat 7.3.1-5)

END.
